The system is: Darwin - 18.6.0 - x86_64
Compiling the C compiler identification source file "CMakeCCompilerId.c" succeeded.
Compiler:  
Build flags: 
Id flags:  

The output was:
0
note: Using new build system
note: Planning build
note: Constructing build description
Build system information
warning: Traditional headermap style is no longer supported; please migrate to using separate headermaps and set 'ALWAYS_SEARCH_USER_PATHS' to NO. (in target 'CompilerIdC')

CreateBuildDirectory /Users/polina/Desktop/Practice/LAB_4/LAB_4/CMakeFiles/3.15.0-rc1/CompilerIdC (in target: CompilerIdC)
    cd /Users/polina/Desktop/Practice/LAB_4/LAB_4/CMakeFiles/3.15.0-rc1/CompilerIdC
    builtin-create-build-directory /Users/polina/Desktop/Practice/LAB_4/LAB_4/CMakeFiles/3.15.0-rc1/CompilerIdC

WriteAuxiliaryFile /Users/polina/Desktop/Practice/LAB_4/LAB_4/CMakeFiles/3.15.0-rc1/CompilerIdC/CompilerIdC.build/Debug/CompilerIdC.build/CompilerIdC-own-target-headers.hmap (in target: CompilerIdC)
    cd /Users/polina/Desktop/Practice/LAB_4/LAB_4/CMakeFiles/3.15.0-rc1/CompilerIdC
    write-file /Users/polina/Desktop/Practice/LAB_4/LAB_4/CMakeFiles/3.15.0-rc1/CompilerIdC/CompilerIdC.build/Debug/CompilerIdC.build/CompilerIdC-own-target-headers.hmap

WriteAuxiliaryFile /Users/polina/Desktop/Practice/LAB_4/LAB_4/CMakeFiles/3.15.0-rc1/CompilerIdC/CompilerIdC.build/Debug/CompilerIdC.build/CompilerIdC-project-headers.hmap (in target: CompilerIdC)
    cd /Users/polina/Desktop/Practice/LAB_4/LAB_4/CMakeFiles/3.15.0-rc1/CompilerIdC
    write-file /Users/polina/Desktop/Practice/LAB_4/LAB_4/CMakeFiles/3.15.0-rc1/CompilerIdC/CompilerIdC.build/Debug/CompilerIdC.build/CompilerIdC-project-headers.hmap

WriteAuxiliaryFile /Users/polina/Desktop/Practice/LAB_4/LAB_4/CMakeFiles/3.15.0-rc1/CompilerIdC/CompilerIdC.build/Debug/CompilerIdC.build/CompilerIdC.hmap (in target: CompilerIdC)
    cd /Users/polina/Desktop/Practice/LAB_4/LAB_4/CMakeFiles/3.15.0-rc1/CompilerIdC
    write-file /Users/polina/Desktop/Practice/LAB_4/LAB_4/CMakeFiles/3.15.0-rc1/CompilerIdC/CompilerIdC.build/Debug/CompilerIdC.build/CompilerIdC.hmap

WriteAuxiliaryFile /Users/polina/Desktop/Practice/LAB_4/LAB_4/CMakeFiles/3.15.0-rc1/CompilerIdC/CompilerIdC.build/Debug/CompilerIdC.build/all-product-headers.yaml (in target: CompilerIdC)
    cd /Users/polina/Desktop/Practice/LAB_4/LAB_4/CMakeFiles/3.15.0-rc1/CompilerIdC
    write-file /Users/polina/Desktop/Practice/LAB_4/LAB_4/CMakeFiles/3.15.0-rc1/CompilerIdC/CompilerIdC.build/Debug/CompilerIdC.build/all-product-headers.yaml

WriteAuxiliaryFile /Users/polina/Desktop/Practice/LAB_4/LAB_4/CMakeFiles/3.15.0-rc1/CompilerIdC/CompilerIdC.build/Debug/CompilerIdC.build/CompilerIdC-generated-files.hmap (in target: CompilerIdC)
    cd /Users/polina/Desktop/Practice/LAB_4/LAB_4/CMakeFiles/3.15.0-rc1/CompilerIdC
    write-file /Users/polina/Desktop/Practice/LAB_4/LAB_4/CMakeFiles/3.15.0-rc1/CompilerIdC/CompilerIdC.build/Debug/CompilerIdC.build/CompilerIdC-generated-files.hmap

WriteAuxiliaryFile /Users/polina/Desktop/Practice/LAB_4/LAB_4/CMakeFiles/3.15.0-rc1/CompilerIdC/CompilerIdC.build/Debug/CompilerIdC.build/CompilerIdC-all-target-headers.hmap (in target: CompilerIdC)
    cd /Users/polina/Desktop/Practice/LAB_4/LAB_4/CMakeFiles/3.15.0-rc1/CompilerIdC
    write-file /Users/polina/Desktop/Practice/LAB_4/LAB_4/CMakeFiles/3.15.0-rc1/CompilerIdC/CompilerIdC.build/Debug/CompilerIdC.build/CompilerIdC-all-target-headers.hmap

WriteAuxiliaryFile /Users/polina/Desktop/Practice/LAB_4/LAB_4/CMakeFiles/3.15.0-rc1/CompilerIdC/CompilerIdC.build/Debug/CompilerIdC.build/CompilerIdC-all-non-framework-target-headers.hmap (in target: CompilerIdC)
    cd /Users/polina/Desktop/Practice/LAB_4/LAB_4/CMakeFiles/3.15.0-rc1/CompilerIdC
    write-file /Users/polina/Desktop/Practice/LAB_4/LAB_4/CMakeFiles/3.15.0-rc1/CompilerIdC/CompilerIdC.build/Debug/CompilerIdC.build/CompilerIdC-all-non-framework-target-headers.hmap

CompileC /Users/polina/Desktop/Practice/LAB_4/LAB_4/CMakeFiles/3.15.0-rc1/CompilerIdC/CompilerIdC.build/Debug/CompilerIdC.build/Objects-normal/x86_64/CMakeCCompilerId.o /Users/polina/Desktop/Practice/LAB_4/LAB_4/CMakeFiles/3.15.0-rc1/CompilerIdC/CMakeCCompilerId.c normal x86_64 c com.apple.compilers.llvm.clang.1_0.compiler (in target: CompilerIdC)
    cd /Users/polina/Desktop/Practice/LAB_4/LAB_4/CMakeFiles/3.15.0-rc1/CompilerIdC
    export LANG=en_US.US-ASCII
    /Applications/Xcode.app/Contents/Developer/Toolchains/XcodeDefault.xctoolchain/usr/bin/clang -x c -arch x86_64 -fmessage-length=0 -fdiagnostics-show-note-include-stack -fmacro-backtrace-limit=0 -Wno-trigraphs -fpascal-strings -Os -Wno-missing-field-initializers -Wno-missing-prototypes -Wno-return-type -Wno-missing-braces -Wparentheses -Wswitch -Wno-unused-function -Wno-unused-label -Wno-unused-parameter -Wno-unused-variable -Wunused-value -Wno-empty-body -Wno-uninitialized -Wno-unknown-pragmas -Wno-shadow -Wno-four-char-constants -Wno-conversion -Wno-constant-conversion -Wno-int-conversion -Wno-bool-conversion -Wno-enum-conversion -Wno-float-conversion -Wno-non-literal-null-conversion -Wno-objc-literal-conversion -Wno-shorten-64-to-32 -Wpointer-sign -Wno-newline-eof -isysroot /Applications/Xcode.app/Contents/Developer/Platforms/MacOSX.platform/Developer/SDKs/MacOSX10.14.sdk -fasm-blocks -fstrict-aliasing -Wdeprecated-declarations -mmacosx-version-min=10.14 -g -fvisibility=hidden -Wno-sign-conversion -Wno-infinite-recursion -Wno-comma -Wno-block-capture-autoreleasing -Wno-strict-prototypes -Wno-semicolon-before-method-body -iquote /Users/polina/Desktop/Practice/LAB_4/LAB_4/CMakeFiles/3.15.0-rc1/CompilerIdC/CompilerIdC.build/Debug/CompilerIdC.build/CompilerIdC-generated-files.hmap -I/Users/polina/Desktop/Practice/LAB_4/LAB_4/CMakeFiles/3.15.0-rc1/CompilerIdC/CompilerIdC.build/Debug/CompilerIdC.build/CompilerIdC-own-target-headers.hmap -I/Users/polina/Desktop/Practice/LAB_4/LAB_4/CMakeFiles/3.15.0-rc1/CompilerIdC/CompilerIdC.build/Debug/CompilerIdC.build/CompilerIdC-all-target-headers.hmap -iquote /Users/polina/Desktop/Practice/LAB_4/LAB_4/CMakeFiles/3.15.0-rc1/CompilerIdC/CompilerIdC.build/Debug/CompilerIdC.build/CompilerIdC-project-headers.hmap -I/Users/polina/Desktop/Practice/LAB_4/LAB_4/CMakeFiles/3.15.0-rc1/CompilerIdC/include -I/Users/polina/Desktop/Practice/LAB_4/LAB_4/CMakeFiles/3.15.0-rc1/CompilerIdC/CompilerIdC.build/Debug/CompilerIdC.build/DerivedSources-normal/x86_64 -I/Users/polina/Desktop/Practice/LAB_4/LAB_4/CMakeFiles/3.15.0-rc1/CompilerIdC/CompilerIdC.build/Debug/CompilerIdC.build/DerivedSources/x86_64 -I/Users/polina/Desktop/Practice/LAB_4/LAB_4/CMakeFiles/3.15.0-rc1/CompilerIdC/CompilerIdC.build/Debug/CompilerIdC.build/DerivedSources -F/Users/polina/Desktop/Practice/LAB_4/LAB_4/CMakeFiles/3.15.0-rc1/CompilerIdC -MMD -MT dependencies -MF /Users/polina/Desktop/Practice/LAB_4/LAB_4/CMakeFiles/3.15.0-rc1/CompilerIdC/CompilerIdC.build/Debug/CompilerIdC.build/Objects-normal/x86_64/CMakeCCompilerId.d --serialize-diagnostics /Users/polina/Desktop/Practice/LAB_4/LAB_4/CMakeFiles/3.15.0-rc1/CompilerIdC/CompilerIdC.build/Debug/CompilerIdC.build/Objects-normal/x86_64/CMakeCCompilerId.dia -c /Users/polina/Desktop/Practice/LAB_4/LAB_4/CMakeFiles/3.15.0-rc1/CompilerIdC/CMakeCCompilerId.c -o /Users/polina/Desktop/Practice/LAB_4/LAB_4/CMakeFiles/3.15.0-rc1/CompilerIdC/CompilerIdC.build/Debug/CompilerIdC.build/Objects-normal/x86_64/CMakeCCompilerId.o

WriteAuxiliaryFile /Users/polina/Desktop/Practice/LAB_4/LAB_4/CMakeFiles/3.15.0-rc1/CompilerIdC/CompilerIdC.build/Debug/CompilerIdC.build/Objects-normal/x86_64/CompilerIdC.LinkFileList (in target: CompilerIdC)
    cd /Users/polina/Desktop/Practice/LAB_4/LAB_4/CMakeFiles/3.15.0-rc1/CompilerIdC
    write-file /Users/polina/Desktop/Practice/LAB_4/LAB_4/CMakeFiles/3.15.0-rc1/CompilerIdC/CompilerIdC.build/Debug/CompilerIdC.build/Objects-normal/x86_64/CompilerIdC.LinkFileList

Ld /Users/polina/Desktop/Practice/LAB_4/LAB_4/CMakeFiles/3.15.0-rc1/CompilerIdC/CompilerIdC normal x86_64 (in target: CompilerIdC)
    cd /Users/polina/Desktop/Practice/LAB_4/LAB_4/CMakeFiles/3.15.0-rc1/CompilerIdC
    export MACOSX_DEPLOYMENT_TARGET=10.14
    /Applications/Xcode.app/Contents/Developer/Toolchains/XcodeDefault.xctoolchain/usr/bin/clang -arch x86_64 -isysroot /Applications/Xcode.app/Contents/Developer/Platforms/MacOSX.platform/Developer/SDKs/MacOSX10.14.sdk -L/Users/polina/Desktop/Practice/LAB_4/LAB_4/CMakeFiles/3.15.0-rc1/CompilerIdC -F/Users/polina/Desktop/Practice/LAB_4/LAB_4/CMakeFiles/3.15.0-rc1/CompilerIdC -filelist /Users/polina/Desktop/Practice/LAB_4/LAB_4/CMakeFiles/3.15.0-rc1/CompilerIdC/CompilerIdC.build/Debug/CompilerIdC.build/Objects-normal/x86_64/CompilerIdC.LinkFileList -mmacosx-version-min=10.14 -Xlinker -object_path_lto -Xlinker /Users/polina/Desktop/Practice/LAB_4/LAB_4/CMakeFiles/3.15.0-rc1/CompilerIdC/CompilerIdC.build/Debug/CompilerIdC.build/Objects-normal/x86_64/CompilerIdC_lto.o -Xlinker -dependency_info -Xlinker /Users/polina/Desktop/Practice/LAB_4/LAB_4/CMakeFiles/3.15.0-rc1/CompilerIdC/CompilerIdC.build/Debug/CompilerIdC.build/Objects-normal/x86_64/CompilerIdC_dependency_info.dat -o /Users/polina/Desktop/Practice/LAB_4/LAB_4/CMakeFiles/3.15.0-rc1/CompilerIdC/CompilerIdC

WriteAuxiliaryFile /Users/polina/Desktop/Practice/LAB_4/LAB_4/CMakeFiles/3.15.0-rc1/CompilerIdC/CompilerIdC.build/Debug/CompilerIdC.build/Script-2C8FEB8E15DC1A1A00E56A5D.sh (in target: CompilerIdC)
    cd /Users/polina/Desktop/Practice/LAB_4/LAB_4/CMakeFiles/3.15.0-rc1/CompilerIdC
    write-file /Users/polina/Desktop/Practice/LAB_4/LAB_4/CMakeFiles/3.15.0-rc1/CompilerIdC/CompilerIdC.build/Debug/CompilerIdC.build/Script-2C8FEB8E15DC1A1A00E56A5D.sh

PhaseScriptExecution Run\ Script /Users/polina/Desktop/Practice/LAB_4/LAB_4/CMakeFiles/3.15.0-rc1/CompilerIdC/CompilerIdC.build/Debug/CompilerIdC.build/Script-2C8FEB8E15DC1A1A00E56A5D.sh (in target: CompilerIdC)
    cd /Users/polina/Desktop/Practice/LAB_4/LAB_4/CMakeFiles/3.15.0-rc1/CompilerIdC
    /bin/sh -c /Users/polina/Desktop/Practice/LAB_4/LAB_4/CMakeFiles/3.15.0-rc1/CompilerIdC/CompilerIdC.build/Debug/CompilerIdC.build/Script-2C8FEB8E15DC1A1A00E56A5D.sh
GCC_VERSION=com.apple.compilers.llvm.clang.1_0
ARCHS=x86_64

** BUILD SUCCEEDED **



Compilation of the C compiler identification source "CMakeCCompilerId.c" produced "CompilerIdC"

The C compiler identification is AppleClang, found in "/Users/polina/Desktop/Practice/LAB_4/LAB_4/CMakeFiles/3.15.0-rc1/CompilerIdC/CompilerIdC"

Compiling the CXX compiler identification source file "CMakeCXXCompilerId.cpp" succeeded.
Compiler:  
Build flags: 
Id flags:  

The output was:
0
note: Using new build system
note: Planning build
note: Constructing build description
Build system information
warning: Traditional headermap style is no longer supported; please migrate to using separate headermaps and set 'ALWAYS_SEARCH_USER_PATHS' to NO. (in target 'CompilerIdCXX')

CreateBuildDirectory /Users/polina/Desktop/Practice/LAB_4/LAB_4/CMakeFiles/3.15.0-rc1/CompilerIdCXX (in target: CompilerIdCXX)
    cd /Users/polina/Desktop/Practice/LAB_4/LAB_4/CMakeFiles/3.15.0-rc1/CompilerIdCXX
    builtin-create-build-directory /Users/polina/Desktop/Practice/LAB_4/LAB_4/CMakeFiles/3.15.0-rc1/CompilerIdCXX

WriteAuxiliaryFile /Users/polina/Desktop/Practice/LAB_4/LAB_4/CMakeFiles/3.15.0-rc1/CompilerIdCXX/CompilerIdCXX.build/Debug/CompilerIdCXX.build/CompilerIdCXX-own-target-headers.hmap (in target: CompilerIdCXX)
    cd /Users/polina/Desktop/Practice/LAB_4/LAB_4/CMakeFiles/3.15.0-rc1/CompilerIdCXX
    write-file /Users/polina/Desktop/Practice/LAB_4/LAB_4/CMakeFiles/3.15.0-rc1/CompilerIdCXX/CompilerIdCXX.build/Debug/CompilerIdCXX.build/CompilerIdCXX-own-target-headers.hmap

WriteAuxiliaryFile /Users/polina/Desktop/Practice/LAB_4/LAB_4/CMakeFiles/3.15.0-rc1/CompilerIdCXX/CompilerIdCXX.build/Debug/CompilerIdCXX.build/all-product-headers.yaml (in target: CompilerIdCXX)
    cd /Users/polina/Desktop/Practice/LAB_4/LAB_4/CMakeFiles/3.15.0-rc1/CompilerIdCXX
    write-file /Users/polina/Desktop/Practice/LAB_4/LAB_4/CMakeFiles/3.15.0-rc1/CompilerIdCXX/CompilerIdCXX.build/Debug/CompilerIdCXX.build/all-product-headers.yaml

WriteAuxiliaryFile /Users/polina/Desktop/Practice/LAB_4/LAB_4/CMakeFiles/3.15.0-rc1/CompilerIdCXX/CompilerIdCXX.build/Debug/CompilerIdCXX.build/CompilerIdCXX.hmap (in target: CompilerIdCXX)
    cd /Users/polina/Desktop/Practice/LAB_4/LAB_4/CMakeFiles/3.15.0-rc1/CompilerIdCXX
    write-file /Users/polina/Desktop/Practice/LAB_4/LAB_4/CMakeFiles/3.15.0-rc1/CompilerIdCXX/CompilerIdCXX.build/Debug/CompilerIdCXX.build/CompilerIdCXX.hmap

WriteAuxiliaryFile /Users/polina/Desktop/Practice/LAB_4/LAB_4/CMakeFiles/3.15.0-rc1/CompilerIdCXX/CompilerIdCXX.build/Debug/CompilerIdCXX.build/CompilerIdCXX-project-headers.hmap (in target: CompilerIdCXX)
    cd /Users/polina/Desktop/Practice/LAB_4/LAB_4/CMakeFiles/3.15.0-rc1/CompilerIdCXX
    write-file /Users/polina/Desktop/Practice/LAB_4/LAB_4/CMakeFiles/3.15.0-rc1/CompilerIdCXX/CompilerIdCXX.build/Debug/CompilerIdCXX.build/CompilerIdCXX-project-headers.hmap

WriteAuxiliaryFile /Users/polina/Desktop/Practice/LAB_4/LAB_4/CMakeFiles/3.15.0-rc1/CompilerIdCXX/CompilerIdCXX.build/Debug/CompilerIdCXX.build/CompilerIdCXX-generated-files.hmap (in target: CompilerIdCXX)
    cd /Users/polina/Desktop/Practice/LAB_4/LAB_4/CMakeFiles/3.15.0-rc1/CompilerIdCXX
    write-file /Users/polina/Desktop/Practice/LAB_4/LAB_4/CMakeFiles/3.15.0-rc1/CompilerIdCXX/CompilerIdCXX.build/Debug/CompilerIdCXX.build/CompilerIdCXX-generated-files.hmap

WriteAuxiliaryFile /Users/polina/Desktop/Practice/LAB_4/LAB_4/CMakeFiles/3.15.0-rc1/CompilerIdCXX/CompilerIdCXX.build/Debug/CompilerIdCXX.build/CompilerIdCXX-all-target-headers.hmap (in target: CompilerIdCXX)
    cd /Users/polina/Desktop/Practice/LAB_4/LAB_4/CMakeFiles/3.15.0-rc1/CompilerIdCXX
    write-file /Users/polina/Desktop/Practice/LAB_4/LAB_4/CMakeFiles/3.15.0-rc1/CompilerIdCXX/CompilerIdCXX.build/Debug/CompilerIdCXX.build/CompilerIdCXX-all-target-headers.hmap

WriteAuxiliaryFile /Users/polina/Desktop/Practice/LAB_4/LAB_4/CMakeFiles/3.15.0-rc1/CompilerIdCXX/CompilerIdCXX.build/Debug/CompilerIdCXX.build/CompilerIdCXX-all-non-framework-target-headers.hmap (in target: CompilerIdCXX)
    cd /Users/polina/Desktop/Practice/LAB_4/LAB_4/CMakeFiles/3.15.0-rc1/CompilerIdCXX
    write-file /Users/polina/Desktop/Practice/LAB_4/LAB_4/CMakeFiles/3.15.0-rc1/CompilerIdCXX/CompilerIdCXX.build/Debug/CompilerIdCXX.build/CompilerIdCXX-all-non-framework-target-headers.hmap

CompileC /Users/polina/Desktop/Practice/LAB_4/LAB_4/CMakeFiles/3.15.0-rc1/CompilerIdCXX/CompilerIdCXX.build/Debug/CompilerIdCXX.build/Objects-normal/x86_64/CMakeCXXCompilerId.o /Users/polina/Desktop/Practice/LAB_4/LAB_4/CMakeFiles/3.15.0-rc1/CompilerIdCXX/CMakeCXXCompilerId.cpp normal x86_64 c++ com.apple.compilers.llvm.clang.1_0.compiler (in target: CompilerIdCXX)
    cd /Users/polina/Desktop/Practice/LAB_4/LAB_4/CMakeFiles/3.15.0-rc1/CompilerIdCXX
    export LANG=en_US.US-ASCII
    /Applications/Xcode.app/Contents/Developer/Toolchains/XcodeDefault.xctoolchain/usr/bin/clang -x c++ -arch x86_64 -fmessage-length=0 -fdiagnostics-show-note-include-stack -fmacro-backtrace-limit=0 -Wno-trigraphs -fpascal-strings -Os -Wno-missing-field-initializers -Wno-missing-prototypes -Wno-return-type -Wno-non-virtual-dtor -Wno-overloaded-virtual -Wno-exit-time-destructors -Wno-missing-braces -Wparentheses -Wswitch -Wno-unused-function -Wno-unused-label -Wno-unused-parameter -Wno-unused-variable -Wunused-value -Wno-empty-body -Wno-uninitialized -Wno-unknown-pragmas -Wno-shadow -Wno-four-char-constants -Wno-conversion -Wno-constant-conversion -Wno-int-conversion -Wno-bool-conversion -Wno-enum-conversion -Wno-float-conversion -Wno-non-literal-null-conversion -Wno-objc-literal-conversion -Wno-shorten-64-to-32 -Wno-newline-eof -Wno-c++11-extensions -isysroot /Applications/Xcode.app/Contents/Developer/Platforms/MacOSX.platform/Developer/SDKs/MacOSX10.14.sdk -fasm-blocks -fstrict-aliasing -Wdeprecated-declarations -Winvalid-offsetof -mmacosx-version-min=10.14 -g -fvisibility=hidden -fvisibility-inlines-hidden -Wno-sign-conversion -Wno-infinite-recursion -Wno-move -Wno-comma -Wno-block-capture-autoreleasing -Wno-strict-prototypes -Wno-range-loop-analysis -Wno-semicolon-before-method-body -iquote /Users/polina/Desktop/Practice/LAB_4/LAB_4/CMakeFiles/3.15.0-rc1/CompilerIdCXX/CompilerIdCXX.build/Debug/CompilerIdCXX.build/CompilerIdCXX-generated-files.hmap -I/Users/polina/Desktop/Practice/LAB_4/LAB_4/CMakeFiles/3.15.0-rc1/CompilerIdCXX/CompilerIdCXX.build/Debug/CompilerIdCXX.build/CompilerIdCXX-own-target-headers.hmap -I/Users/polina/Desktop/Practice/LAB_4/LAB_4/CMakeFiles/3.15.0-rc1/CompilerIdCXX/CompilerIdCXX.build/Debug/CompilerIdCXX.build/CompilerIdCXX-all-target-headers.hmap -iquote /Users/polina/Desktop/Practice/LAB_4/LAB_4/CMakeFiles/3.15.0-rc1/CompilerIdCXX/CompilerIdCXX.build/Debug/CompilerIdCXX.build/CompilerIdCXX-project-headers.hmap -I/Users/polina/Desktop/Practice/LAB_4/LAB_4/CMakeFiles/3.15.0-rc1/CompilerIdCXX/include -I/Users/polina/Desktop/Practice/LAB_4/LAB_4/CMakeFiles/3.15.0-rc1/CompilerIdCXX/CompilerIdCXX.build/Debug/CompilerIdCXX.build/DerivedSources-normal/x86_64 -I/Users/polina/Desktop/Practice/LAB_4/LAB_4/CMakeFiles/3.15.0-rc1/CompilerIdCXX/CompilerIdCXX.build/Debug/CompilerIdCXX.build/DerivedSources/x86_64 -I/Users/polina/Desktop/Practice/LAB_4/LAB_4/CMakeFiles/3.15.0-rc1/CompilerIdCXX/CompilerIdCXX.build/Debug/CompilerIdCXX.build/DerivedSources -F/Users/polina/Desktop/Practice/LAB_4/LAB_4/CMakeFiles/3.15.0-rc1/CompilerIdCXX -MMD -MT dependencies -MF /Users/polina/Desktop/Practice/LAB_4/LAB_4/CMakeFiles/3.15.0-rc1/CompilerIdCXX/CompilerIdCXX.build/Debug/CompilerIdCXX.build/Objects-normal/x86_64/CMakeCXXCompilerId.d --serialize-diagnostics /Users/polina/Desktop/Practice/LAB_4/LAB_4/CMakeFiles/3.15.0-rc1/CompilerIdCXX/CompilerIdCXX.build/Debug/CompilerIdCXX.build/Objects-normal/x86_64/CMakeCXXCompilerId.dia -c /Users/polina/Desktop/Practice/LAB_4/LAB_4/CMakeFiles/3.15.0-rc1/CompilerIdCXX/CMakeCXXCompilerId.cpp -o /Users/polina/Desktop/Practice/LAB_4/LAB_4/CMakeFiles/3.15.0-rc1/CompilerIdCXX/CompilerIdCXX.build/Debug/CompilerIdCXX.build/Objects-normal/x86_64/CMakeCXXCompilerId.o

WriteAuxiliaryFile /Users/polina/Desktop/Practice/LAB_4/LAB_4/CMakeFiles/3.15.0-rc1/CompilerIdCXX/CompilerIdCXX.build/Debug/CompilerIdCXX.build/Objects-normal/x86_64/CompilerIdCXX.LinkFileList (in target: CompilerIdCXX)
    cd /Users/polina/Desktop/Practice/LAB_4/LAB_4/CMakeFiles/3.15.0-rc1/CompilerIdCXX
    write-file /Users/polina/Desktop/Practice/LAB_4/LAB_4/CMakeFiles/3.15.0-rc1/CompilerIdCXX/CompilerIdCXX.build/Debug/CompilerIdCXX.build/Objects-normal/x86_64/CompilerIdCXX.LinkFileList

Ld /Users/polina/Desktop/Practice/LAB_4/LAB_4/CMakeFiles/3.15.0-rc1/CompilerIdCXX/CompilerIdCXX normal x86_64 (in target: CompilerIdCXX)
    cd /Users/polina/Desktop/Practice/LAB_4/LAB_4/CMakeFiles/3.15.0-rc1/CompilerIdCXX
    export MACOSX_DEPLOYMENT_TARGET=10.14
    /Applications/Xcode.app/Contents/Developer/Toolchains/XcodeDefault.xctoolchain/usr/bin/clang++ -arch x86_64 -isysroot /Applications/Xcode.app/Contents/Developer/Platforms/MacOSX.platform/Developer/SDKs/MacOSX10.14.sdk -L/Users/polina/Desktop/Practice/LAB_4/LAB_4/CMakeFiles/3.15.0-rc1/CompilerIdCXX -F/Users/polina/Desktop/Practice/LAB_4/LAB_4/CMakeFiles/3.15.0-rc1/CompilerIdCXX -filelist /Users/polina/Desktop/Practice/LAB_4/LAB_4/CMakeFiles/3.15.0-rc1/CompilerIdCXX/CompilerIdCXX.build/Debug/CompilerIdCXX.build/Objects-normal/x86_64/CompilerIdCXX.LinkFileList -mmacosx-version-min=10.14 -Xlinker -object_path_lto -Xlinker /Users/polina/Desktop/Practice/LAB_4/LAB_4/CMakeFiles/3.15.0-rc1/CompilerIdCXX/CompilerIdCXX.build/Debug/CompilerIdCXX.build/Objects-normal/x86_64/CompilerIdCXX_lto.o -Xlinker -dependency_info -Xlinker /Users/polina/Desktop/Practice/LAB_4/LAB_4/CMakeFiles/3.15.0-rc1/CompilerIdCXX/CompilerIdCXX.build/Debug/CompilerIdCXX.build/Objects-normal/x86_64/CompilerIdCXX_dependency_info.dat -o /Users/polina/Desktop/Practice/LAB_4/LAB_4/CMakeFiles/3.15.0-rc1/CompilerIdCXX/CompilerIdCXX

WriteAuxiliaryFile /Users/polina/Desktop/Practice/LAB_4/LAB_4/CMakeFiles/3.15.0-rc1/CompilerIdCXX/CompilerIdCXX.build/Debug/CompilerIdCXX.build/Script-2C8FEB8E15DC1A1A00E56A5D.sh (in target: CompilerIdCXX)
    cd /Users/polina/Desktop/Practice/LAB_4/LAB_4/CMakeFiles/3.15.0-rc1/CompilerIdCXX
    write-file /Users/polina/Desktop/Practice/LAB_4/LAB_4/CMakeFiles/3.15.0-rc1/CompilerIdCXX/CompilerIdCXX.build/Debug/CompilerIdCXX.build/Script-2C8FEB8E15DC1A1A00E56A5D.sh

PhaseScriptExecution Run\ Script /Users/polina/Desktop/Practice/LAB_4/LAB_4/CMakeFiles/3.15.0-rc1/CompilerIdCXX/CompilerIdCXX.build/Debug/CompilerIdCXX.build/Script-2C8FEB8E15DC1A1A00E56A5D.sh (in target: CompilerIdCXX)
    cd /Users/polina/Desktop/Practice/LAB_4/LAB_4/CMakeFiles/3.15.0-rc1/CompilerIdCXX
    /bin/sh -c /Users/polina/Desktop/Practice/LAB_4/LAB_4/CMakeFiles/3.15.0-rc1/CompilerIdCXX/CompilerIdCXX.build/Debug/CompilerIdCXX.build/Script-2C8FEB8E15DC1A1A00E56A5D.sh
GCC_VERSION=com.apple.compilers.llvm.clang.1_0
ARCHS=x86_64

** BUILD SUCCEEDED **



Compilation of the CXX compiler identification source "CMakeCXXCompilerId.cpp" produced "CompilerIdCXX"

The CXX compiler identification is AppleClang, found in "/Users/polina/Desktop/Practice/LAB_4/LAB_4/CMakeFiles/3.15.0-rc1/CompilerIdCXX/CompilerIdCXX"

Determining if the C compiler works passed with the following output:
Change Dir: /Users/polina/Desktop/Practice/LAB_4/LAB_4/CMakeFiles/CMakeTmp

Run Build Command(s):/usr/bin/xcodebuild -project CMAKE_TRY_COMPILE.xcodeproj build -target cmTC_fbf93 -configuration Debug -hideShellScriptEnvironment && User defaults from command line:
    HideShellScriptEnvironment = YES

Prepare build
note: Using legacy build system

=== BUILD TARGET cmTC_fbf93 OF PROJECT CMAKE_TRY_COMPILE WITH CONFIGURATION Debug ===

Check dependencies

Write auxiliary files
/bin/mkdir -p /Users/polina/Desktop/Practice/LAB_4/LAB_4/CMakeFiles/CMakeTmp/CMAKE_TRY_COMPILE.build/Debug/cmTC_fbf93.build/Objects-normal/x86_64
write-file /Users/polina/Desktop/Practice/LAB_4/LAB_4/CMakeFiles/CMakeTmp/CMAKE_TRY_COMPILE.build/Debug/cmTC_fbf93.build/Objects-normal/x86_64/cmTC_fbf93.LinkFileList

CompileC CMAKE_TRY_COMPILE.build/Debug/cmTC_fbf93.build/Objects-normal/x86_64/testCCompiler.o testCCompiler.c normal x86_64 c com.apple.compilers.llvm.clang.1_0.compiler
    cd /Users/polina/Desktop/Practice/LAB_4/LAB_4/CMakeFiles/CMakeTmp
    /Applications/Xcode.app/Contents/Developer/Toolchains/XcodeDefault.xctoolchain/usr/bin/clang -x c -arch x86_64 -fmessage-length=0 -fdiagnostics-show-note-include-stack -fmacro-backtrace-limit=0 -Wno-trigraphs -fpascal-strings -O0 -Wno-missing-field-initializers -Wno-missing-prototypes -Wno-return-type -Wno-missing-braces -Wparentheses -Wswitch -Wno-unused-function -Wno-unused-label -Wno-unused-parameter -Wno-unused-variable -Wunused-value -Wno-empty-body -Wno-uninitialized -Wno-unknown-pragmas -Wno-shadow -Wno-four-char-constants -Wno-conversion -Wno-constant-conversion -Wno-int-conversion -Wno-bool-conversion -Wno-enum-conversion -Wno-float-conversion -Wno-non-literal-null-conversion -Wno-objc-literal-conversion -Wno-shorten-64-to-32 -Wpointer-sign -Wno-newline-eof -DCMAKE_INTDIR=\"Debug\" -isysroot /Applications/Xcode.app/Contents/Developer/Platforms/MacOSX.platform/Developer/SDKs/MacOSX10.14.sdk -fasm-blocks -fstrict-aliasing -Wdeprecated-declarations -mmacosx-version-min=10.14 -g -Wno-sign-conversion -Wno-infinite-recursion -Wno-comma -Wno-block-capture-autoreleasing -Wno-strict-prototypes -Wno-semicolon-before-method-body -I/Users/polina/Desktop/Practice/LAB_4/LAB_4/CMakeFiles/CMakeTmp/Debug/include -I/Users/polina/Desktop/Practice/LAB_4/LAB_4/CMakeFiles/CMakeTmp/CMAKE_TRY_COMPILE.build/Debug/cmTC_fbf93.build/DerivedSources-normal/x86_64 -I/Users/polina/Desktop/Practice/LAB_4/LAB_4/CMakeFiles/CMakeTmp/CMAKE_TRY_COMPILE.build/Debug/cmTC_fbf93.build/DerivedSources/x86_64 -I/Users/polina/Desktop/Practice/LAB_4/LAB_4/CMakeFiles/CMakeTmp/CMAKE_TRY_COMPILE.build/Debug/cmTC_fbf93.build/DerivedSources -Wmost -Wno-four-char-constants -Wno-unknown-pragmas -F/Users/polina/Desktop/Practice/LAB_4/LAB_4/CMakeFiles/CMakeTmp/Debug -MMD -MT dependencies -MF /Users/polina/Desktop/Practice/LAB_4/LAB_4/CMakeFiles/CMakeTmp/CMAKE_TRY_COMPILE.build/Debug/cmTC_fbf93.build/Objects-normal/x86_64/testCCompiler.d --serialize-diagnostics /Users/polina/Desktop/Practice/LAB_4/LAB_4/CMakeFiles/CMakeTmp/CMAKE_TRY_COMPILE.build/Debug/cmTC_fbf93.build/Objects-normal/x86_64/testCCompiler.dia -c /Users/polina/Desktop/Practice/LAB_4/LAB_4/CMakeFiles/CMakeTmp/testCCompiler.c -o /Users/polina/Desktop/Practice/LAB_4/LAB_4/CMakeFiles/CMakeTmp/CMAKE_TRY_COMPILE.build/Debug/cmTC_fbf93.build/Objects-normal/x86_64/testCCompiler.o

Ld Debug/cmTC_fbf93 normal x86_64
    cd /Users/polina/Desktop/Practice/LAB_4/LAB_4/CMakeFiles/CMakeTmp
    /Applications/Xcode.app/Contents/Developer/Toolchains/XcodeDefault.xctoolchain/usr/bin/clang -arch x86_64 -isysroot /Applications/Xcode.app/Contents/Developer/Platforms/MacOSX.platform/Developer/SDKs/MacOSX10.14.sdk -L/Users/polina/Desktop/Practice/LAB_4/LAB_4/CMakeFiles/CMakeTmp/Debug -F/Users/polina/Desktop/Practice/LAB_4/LAB_4/CMakeFiles/CMakeTmp/Debug -filelist /Users/polina/Desktop/Practice/LAB_4/LAB_4/CMakeFiles/CMakeTmp/CMAKE_TRY_COMPILE.build/Debug/cmTC_fbf93.build/Objects-normal/x86_64/cmTC_fbf93.LinkFileList -mmacosx-version-min=10.14 -Xlinker -object_path_lto -Xlinker /Users/polina/Desktop/Practice/LAB_4/LAB_4/CMakeFiles/CMakeTmp/CMAKE_TRY_COMPILE.build/Debug/cmTC_fbf93.build/Objects-normal/x86_64/cmTC_fbf93_lto.o -Xlinker -no_deduplicate -Wl,-search_paths_first -Wl,-headerpad_max_install_names -Xlinker -dependency_info -Xlinker /Users/polina/Desktop/Practice/LAB_4/LAB_4/CMakeFiles/CMakeTmp/CMAKE_TRY_COMPILE.build/Debug/cmTC_fbf93.build/Objects-normal/x86_64/cmTC_fbf93_dependency_info.dat -o /Users/polina/Desktop/Practice/LAB_4/LAB_4/CMakeFiles/CMakeTmp/Debug/cmTC_fbf93

** BUILD SUCCEEDED **




Detecting C compiler ABI info compiled with the following output:
Change Dir: /Users/polina/Desktop/Practice/LAB_4/LAB_4/CMakeFiles/CMakeTmp

Run Build Command(s):/usr/bin/xcodebuild -project CMAKE_TRY_COMPILE.xcodeproj build -target cmTC_e4d20 -configuration Debug -hideShellScriptEnvironment && User defaults from command line:
    HideShellScriptEnvironment = YES

Prepare build
note: Using legacy build system

=== BUILD TARGET cmTC_e4d20 OF PROJECT CMAKE_TRY_COMPILE WITH CONFIGURATION Debug ===

Check dependencies

Write auxiliary files
/bin/mkdir -p /Users/polina/Desktop/Practice/LAB_4/LAB_4/CMakeFiles/CMakeTmp/CMAKE_TRY_COMPILE.build/Debug/cmTC_e4d20.build/Objects-normal/x86_64
write-file /Users/polina/Desktop/Practice/LAB_4/LAB_4/CMakeFiles/CMakeTmp/CMAKE_TRY_COMPILE.build/Debug/cmTC_e4d20.build/Objects-normal/x86_64/cmTC_e4d20.LinkFileList

CompileC CMAKE_TRY_COMPILE.build/Debug/cmTC_e4d20.build/Objects-normal/x86_64/CMakeCCompilerABI.o /Applications/CMake.app/Contents/share/cmake-3.15/Modules/CMakeCCompilerABI.c normal x86_64 c com.apple.compilers.llvm.clang.1_0.compiler
    cd /Users/polina/Desktop/Practice/LAB_4/LAB_4/CMakeFiles/CMakeTmp
    /Applications/Xcode.app/Contents/Developer/Toolchains/XcodeDefault.xctoolchain/usr/bin/clang -x c -arch x86_64 -fmessage-length=0 -fdiagnostics-show-note-include-stack -fmacro-backtrace-limit=0 -Wno-trigraphs -fpascal-strings -O0 -Wno-missing-field-initializers -Wno-missing-prototypes -Wno-return-type -Wno-missing-braces -Wparentheses -Wswitch -Wno-unused-function -Wno-unused-label -Wno-unused-parameter -Wno-unused-variable -Wunused-value -Wno-empty-body -Wno-uninitialized -Wno-unknown-pragmas -Wno-shadow -Wno-four-char-constants -Wno-conversion -Wno-constant-conversion -Wno-int-conversion -Wno-bool-conversion -Wno-enum-conversion -Wno-float-conversion -Wno-non-literal-null-conversion -Wno-objc-literal-conversion -Wno-shorten-64-to-32 -Wpointer-sign -Wno-newline-eof -DCMAKE_INTDIR=\"Debug\" -isysroot /Applications/Xcode.app/Contents/Developer/Platforms/MacOSX.platform/Developer/SDKs/MacOSX10.14.sdk -fasm-blocks -fstrict-aliasing -Wdeprecated-declarations -mmacosx-version-min=10.14 -g -Wno-sign-conversion -Wno-infinite-recursion -Wno-comma -Wno-block-capture-autoreleasing -Wno-strict-prototypes -Wno-semicolon-before-method-body -I/Users/polina/Desktop/Practice/LAB_4/LAB_4/CMakeFiles/CMakeTmp/Debug/include -I/Users/polina/Desktop/Practice/LAB_4/LAB_4/CMakeFiles/CMakeTmp/CMAKE_TRY_COMPILE.build/Debug/cmTC_e4d20.build/DerivedSources-normal/x86_64 -I/Users/polina/Desktop/Practice/LAB_4/LAB_4/CMakeFiles/CMakeTmp/CMAKE_TRY_COMPILE.build/Debug/cmTC_e4d20.build/DerivedSources/x86_64 -I/Users/polina/Desktop/Practice/LAB_4/LAB_4/CMakeFiles/CMakeTmp/CMAKE_TRY_COMPILE.build/Debug/cmTC_e4d20.build/DerivedSources -Wmost -Wno-four-char-constants -Wno-unknown-pragmas -F/Users/polina/Desktop/Practice/LAB_4/LAB_4/CMakeFiles/CMakeTmp/Debug -v -Wl,-v -MMD -MT dependencies -MF /Users/polina/Desktop/Practice/LAB_4/LAB_4/CMakeFiles/CMakeTmp/CMAKE_TRY_COMPILE.build/Debug/cmTC_e4d20.build/Objects-normal/x86_64/CMakeCCompilerABI.d --serialize-diagnostics /Users/polina/Desktop/Practice/LAB_4/LAB_4/CMakeFiles/CMakeTmp/CMAKE_TRY_COMPILE.build/Debug/cmTC_e4d20.build/Objects-normal/x86_64/CMakeCCompilerABI.dia -c /Applications/CMake.app/Contents/share/cmake-3.15/Modules/CMakeCCompilerABI.c -o /Users/polina/Desktop/Practice/LAB_4/LAB_4/CMakeFiles/CMakeTmp/CMAKE_TRY_COMPILE.build/Debug/cmTC_e4d20.build/Objects-normal/x86_64/CMakeCCompilerABI.o
Apple LLVM version 10.0.1 (clang-1001.0.46.4)
Target: x86_64-apple-darwin18.6.0
Thread model: posix
InstalledDir: /Applications/Xcode.app/Contents/Developer/Toolchains/XcodeDefault.xctoolchain/usr/bin
clang: warning: -Wl,-v: 'linker' input unused [-Wunused-command-line-argument]
 "/Applications/Xcode.app/Contents/Developer/Toolchains/XcodeDefault.xctoolchain/usr/bin/clang" -cc1 -triple x86_64-apple-macosx10.14.0 -Wdeprecated-objc-isa-usage -Werror=deprecated-objc-isa-usage -emit-obj -mrelax-all -disable-free -disable-llvm-verifier -discard-value-names -main-file-name CMakeCCompilerABI.c -mrelocation-model pic -pic-level 2 -mthread-model posix -mdisable-fp-elim -fno-strict-return -masm-verbose -munwind-tables -target-sdk-version=10.14 -target-cpu penryn -dwarf-column-info -debug-info-kind=standalone -dwarf-version=4 -debugger-tuning=lldb -target-linker-version 450.3 -v -coverage-notes-file /Users/polina/Desktop/Practice/LAB_4/LAB_4/CMakeFiles/CMakeTmp/CMAKE_TRY_COMPILE.build/Debug/cmTC_e4d20.build/Objects-normal/x86_64/CMakeCCompilerABI.gcno -resource-dir /Applications/Xcode.app/Contents/Developer/Toolchains/XcodeDefault.xctoolchain/usr/lib/clang/10.0.1 -dependency-file /Users/polina/Desktop/Practice/LAB_4/LAB_4/CMakeFiles/CMakeTmp/CMAKE_TRY_COMPILE.build/Debug/cmTC_e4d20.build/Objects-normal/x86_64/CMakeCCompilerABI.d -skip-unused-modulemap-deps -MT dependencies -isysroot /Applications/Xcode.app/Contents/Developer/Platforms/MacOSX.platform/Developer/SDKs/MacOSX10.14.sdk -D "CMAKE_INTDIR=\"Debug\"" -I /Users/polina/Desktop/Practice/LAB_4/LAB_4/CMakeFiles/CMakeTmp/Debug/include -I /Users/polina/Desktop/Practice/LAB_4/LAB_4/CMakeFiles/CMakeTmp/CMAKE_TRY_COMPILE.build/Debug/cmTC_e4d20.build/DerivedSources-normal/x86_64 -I /Users/polina/Desktop/Practice/LAB_4/LAB_4/CMakeFiles/CMakeTmp/CMAKE_TRY_COMPILE.build/Debug/cmTC_e4d20.build/DerivedSources/x86_64 -I /Users/polina/Desktop/Practice/LAB_4/LAB_4/CMakeFiles/CMakeTmp/CMAKE_TRY_COMPILE.build/Debug/cmTC_e4d20.build/DerivedSources -F/Users/polina/Desktop/Practice/LAB_4/LAB_4/CMakeFiles/CMakeTmp/Debug -O0 -Wno-trigraphs -Wno-missing-field-initializers -Wno-missing-prototypes -Wno-return-type -Wno-missing-braces -Wparentheses -Wswitch -Wno-unused-function -Wno-unused-label -Wno-unused-parameter -Wno-unused-variable -Wunused-value -Wno-empty-body -Wno-uninitialized -Wno-unknown-pragmas -Wno-shadow -Wno-four-char-constants -Wno-conversion -Wno-constant-conversion -Wno-int-conversion -Wno-bool-conversion -Wno-enum-conversion -Wno-float-conversion -Wno-non-literal-null-conversion -Wno-objc-literal-conversion -Wno-shorten-64-to-32 -Wpointer-sign -Wno-newline-eof -Wdeprecated-declarations -Wno-sign-conversion -Wno-infinite-recursion -Wno-comma -Wno-block-capture-autoreleasing -Wno-strict-prototypes -Wno-semicolon-before-method-body -Wmost -Wno-four-char-constants -Wno-unknown-pragmas -Wno-atomic-implicit-seq-cst -Wno-framework-include-private-from-public -Wno-atimport-in-framework-header -Wno-quoted-include-in-framework-header -fdebug-compilation-dir /Users/polina/Desktop/Practice/LAB_4/LAB_4/CMakeFiles/CMakeTmp -ferror-limit 19 -fmacro-backtrace-limit 0 -fmessage-length 0 -stack-protector 1 -fblocks -fencode-extended-block-signature -fregister-global-dtors-with-atexit -fobjc-runtime=macosx-10.14.0 -fpascal-strings -fmax-type-align=16 -fdiagnostics-show-option -fdiagnostics-show-note-include-stack -fasm-blocks -serialize-diagnostic-file /Users/polina/Desktop/Practice/LAB_4/LAB_4/CMakeFiles/CMakeTmp/CMAKE_TRY_COMPILE.build/Debug/cmTC_e4d20.build/Objects-normal/x86_64/CMakeCCompilerABI.dia -o /Users/polina/Desktop/Practice/LAB_4/LAB_4/CMakeFiles/CMakeTmp/CMAKE_TRY_COMPILE.build/Debug/cmTC_e4d20.build/Objects-normal/x86_64/CMakeCCompilerABI.o -x c /Applications/CMake.app/Contents/share/cmake-3.15/Modules/CMakeCCompilerABI.c
clang -cc1 version 10.0.1 (clang-1001.0.46.4) default target x86_64-apple-darwin18.6.0
ignoring nonexistent directory "/Users/polina/Desktop/Practice/LAB_4/LAB_4/CMakeFiles/CMakeTmp/Debug/include"
ignoring nonexistent directory "/Users/polina/Desktop/Practice/LAB_4/LAB_4/CMakeFiles/CMakeTmp/CMAKE_TRY_COMPILE.build/Debug/cmTC_e4d20.build/DerivedSources-normal/x86_64"
ignoring nonexistent directory "/Users/polina/Desktop/Practice/LAB_4/LAB_4/CMakeFiles/CMakeTmp/CMAKE_TRY_COMPILE.build/Debug/cmTC_e4d20.build/DerivedSources/x86_64"
ignoring nonexistent directory "/Users/polina/Desktop/Practice/LAB_4/LAB_4/CMakeFiles/CMakeTmp/CMAKE_TRY_COMPILE.build/Debug/cmTC_e4d20.build/DerivedSources"
ignoring nonexistent directory "/Users/polina/Desktop/Practice/LAB_4/LAB_4/CMakeFiles/CMakeTmp/Debug"
ignoring nonexistent directory "/Applications/Xcode.app/Contents/Developer/Platforms/MacOSX.platform/Developer/SDKs/MacOSX10.14.sdk/usr/local/include"
ignoring nonexistent directory "/Applications/Xcode.app/Contents/Developer/Platforms/MacOSX.platform/Developer/SDKs/MacOSX10.14.sdk/Library/Frameworks"
#include "..." search starts here:
#include <...> search starts here:
 /Applications/Xcode.app/Contents/Developer/Toolchains/XcodeDefault.xctoolchain/usr/lib/clang/10.0.1/include
 /Applications/Xcode.app/Contents/Developer/Toolchains/XcodeDefault.xctoolchain/usr/include
 /Applications/Xcode.app/Contents/Developer/Platforms/MacOSX.platform/Developer/SDKs/MacOSX10.14.sdk/usr/include
 /Applications/Xcode.app/Contents/Developer/Platforms/MacOSX.platform/Developer/SDKs/MacOSX10.14.sdk/System/Library/Frameworks (framework directory)
End of search list.

Ld Debug/cmTC_e4d20 normal x86_64
    cd /Users/polina/Desktop/Practice/LAB_4/LAB_4/CMakeFiles/CMakeTmp
    /Applications/Xcode.app/Contents/Developer/Toolchains/XcodeDefault.xctoolchain/usr/bin/clang -arch x86_64 -isysroot /Applications/Xcode.app/Contents/Developer/Platforms/MacOSX.platform/Developer/SDKs/MacOSX10.14.sdk -L/Users/polina/Desktop/Practice/LAB_4/LAB_4/CMakeFiles/CMakeTmp/Debug -F/Users/polina/Desktop/Practice/LAB_4/LAB_4/CMakeFiles/CMakeTmp/Debug -filelist /Users/polina/Desktop/Practice/LAB_4/LAB_4/CMakeFiles/CMakeTmp/CMAKE_TRY_COMPILE.build/Debug/cmTC_e4d20.build/Objects-normal/x86_64/cmTC_e4d20.LinkFileList -mmacosx-version-min=10.14 -Xlinker -object_path_lto -Xlinker /Users/polina/Desktop/Practice/LAB_4/LAB_4/CMakeFiles/CMakeTmp/CMAKE_TRY_COMPILE.build/Debug/cmTC_e4d20.build/Objects-normal/x86_64/cmTC_e4d20_lto.o -Xlinker -no_deduplicate -v -Wl,-v -Wl,-search_paths_first -Wl,-headerpad_max_install_names -Xlinker -dependency_info -Xlinker /Users/polina/Desktop/Practice/LAB_4/LAB_4/CMakeFiles/CMakeTmp/CMAKE_TRY_COMPILE.build/Debug/cmTC_e4d20.build/Objects-normal/x86_64/cmTC_e4d20_dependency_info.dat -o /Users/polina/Desktop/Practice/LAB_4/LAB_4/CMakeFiles/CMakeTmp/Debug/cmTC_e4d20
Apple LLVM version 10.0.1 (clang-1001.0.46.4)
Target: x86_64-apple-darwin18.6.0
Thread model: posix
InstalledDir: /Applications/Xcode.app/Contents/Developer/Toolchains/XcodeDefault.xctoolchain/usr/bin
 "/Applications/Xcode.app/Contents/Developer/Toolchains/XcodeDefault.xctoolchain/usr/bin/ld" -demangle -lto_library /Applications/Xcode.app/Contents/Developer/Toolchains/XcodeDefault.xctoolchain/usr/lib/libLTO.dylib -dynamic -arch x86_64 -macosx_version_min 10.14.0 -syslibroot /Applications/Xcode.app/Contents/Developer/Platforms/MacOSX.platform/Developer/SDKs/MacOSX10.14.sdk -o /Users/polina/Desktop/Practice/LAB_4/LAB_4/CMakeFiles/CMakeTmp/Debug/cmTC_e4d20 -L/Users/polina/Desktop/Practice/LAB_4/LAB_4/CMakeFiles/CMakeTmp/Debug -filelist /Users/polina/Desktop/Practice/LAB_4/LAB_4/CMakeFiles/CMakeTmp/CMAKE_TRY_COMPILE.build/Debug/cmTC_e4d20.build/Objects-normal/x86_64/cmTC_e4d20.LinkFileList -object_path_lto /Users/polina/Desktop/Practice/LAB_4/LAB_4/CMakeFiles/CMakeTmp/CMAKE_TRY_COMPILE.build/Debug/cmTC_e4d20.build/Objects-normal/x86_64/cmTC_e4d20_lto.o -no_deduplicate -v -search_paths_first -headerpad_max_install_names -dependency_info /Users/polina/Desktop/Practice/LAB_4/LAB_4/CMakeFiles/CMakeTmp/CMAKE_TRY_COMPILE.build/Debug/cmTC_e4d20.build/Objects-normal/x86_64/cmTC_e4d20_dependency_info.dat -lSystem /Applications/Xcode.app/Contents/Developer/Toolchains/XcodeDefault.xctoolchain/usr/lib/clang/10.0.1/lib/darwin/libclang_rt.osx.a -F/Users/polina/Desktop/Practice/LAB_4/LAB_4/CMakeFiles/CMakeTmp/Debug
@(#)PROGRAM:ld  PROJECT:ld64-450.3
BUILD 18:45:16 Apr  4 2019
configured to support archs: armv6 armv7 armv7s arm64 arm64e arm64_32 i386 x86_64 x86_64h armv6m armv7k armv7m armv7em
Library search paths:
	/Users/polina/Desktop/Practice/LAB_4/LAB_4/CMakeFiles/CMakeTmp/Debug
	/Applications/Xcode.app/Contents/Developer/Platforms/MacOSX.platform/Developer/SDKs/MacOSX10.14.sdk/usr/lib
Framework search paths:
	/Users/polina/Desktop/Practice/LAB_4/LAB_4/CMakeFiles/CMakeTmp/Debug
	/Applications/Xcode.app/Contents/Developer/Platforms/MacOSX.platform/Developer/SDKs/MacOSX10.14.sdk/System/Library/Frameworks/

** BUILD SUCCEEDED **




Parsed C implicit include dir info from above output: rv=done
  found start of include info
  found start of implicit include info
    add: [/Applications/Xcode.app/Contents/Developer/Toolchains/XcodeDefault.xctoolchain/usr/lib/clang/10.0.1/include]
    add: [/Applications/Xcode.app/Contents/Developer/Toolchains/XcodeDefault.xctoolchain/usr/include]
    add: [/Applications/Xcode.app/Contents/Developer/Platforms/MacOSX.platform/Developer/SDKs/MacOSX10.14.sdk/usr/include]
  end of search list found
  collapse include dir [/Applications/Xcode.app/Contents/Developer/Toolchains/XcodeDefault.xctoolchain/usr/lib/clang/10.0.1/include] ==> [/Applications/Xcode.app/Contents/Developer/Toolchains/XcodeDefault.xctoolchain/usr/lib/clang/10.0.1/include]
  collapse include dir [/Applications/Xcode.app/Contents/Developer/Toolchains/XcodeDefault.xctoolchain/usr/include] ==> [/Applications/Xcode.app/Contents/Developer/Toolchains/XcodeDefault.xctoolchain/usr/include]
  collapse include dir [/Applications/Xcode.app/Contents/Developer/Platforms/MacOSX.platform/Developer/SDKs/MacOSX10.14.sdk/usr/include] ==> [/Applications/Xcode.app/Contents/Developer/Platforms/MacOSX.platform/Developer/SDKs/MacOSX10.14.sdk/usr/include]
  implicit include dirs: [/Applications/Xcode.app/Contents/Developer/Toolchains/XcodeDefault.xctoolchain/usr/lib/clang/10.0.1/include;/Applications/Xcode.app/Contents/Developer/Toolchains/XcodeDefault.xctoolchain/usr/include;/Applications/Xcode.app/Contents/Developer/Platforms/MacOSX.platform/Developer/SDKs/MacOSX10.14.sdk/usr/include]


Parsed C implicit link information from above output:
  link line regex: [^( *|.*[/\])(ld|CMAKE_LINK_STARTFILE-NOTFOUND|([^/\]+-)?ld|collect2)[^/\]*( |$)]
  ignore line: [Change Dir: /Users/polina/Desktop/Practice/LAB_4/LAB_4/CMakeFiles/CMakeTmp]
  ignore line: []
  ignore line: [Run Build Command(s):/usr/bin/xcodebuild -project CMAKE_TRY_COMPILE.xcodeproj build -target cmTC_e4d20 -configuration Debug -hideShellScriptEnvironment && User defaults from command line:]
  ignore line: [    HideShellScriptEnvironment = YES]
  ignore line: []
  ignore line: [Prepare build]
  ignore line: [note: Using legacy build system]
  ignore line: []
  ignore line: [=== BUILD TARGET cmTC_e4d20 OF PROJECT CMAKE_TRY_COMPILE WITH CONFIGURATION Debug ===]
  ignore line: []
  ignore line: [Check dependencies]
  ignore line: []
  ignore line: [Write auxiliary files]
  ignore line: [/bin/mkdir -p /Users/polina/Desktop/Practice/LAB_4/LAB_4/CMakeFiles/CMakeTmp/CMAKE_TRY_COMPILE.build/Debug/cmTC_e4d20.build/Objects-normal/x86_64]
  ignore line: [write-file /Users/polina/Desktop/Practice/LAB_4/LAB_4/CMakeFiles/CMakeTmp/CMAKE_TRY_COMPILE.build/Debug/cmTC_e4d20.build/Objects-normal/x86_64/cmTC_e4d20.LinkFileList]
  ignore line: []
  ignore line: [CompileC CMAKE_TRY_COMPILE.build/Debug/cmTC_e4d20.build/Objects-normal/x86_64/CMakeCCompilerABI.o /Applications/CMake.app/Contents/share/cmake-3.15/Modules/CMakeCCompilerABI.c normal x86_64 c com.apple.compilers.llvm.clang.1_0.compiler]
  ignore line: [    cd /Users/polina/Desktop/Practice/LAB_4/LAB_4/CMakeFiles/CMakeTmp]
  ignore line: [    /Applications/Xcode.app/Contents/Developer/Toolchains/XcodeDefault.xctoolchain/usr/bin/clang -x c -arch x86_64 -fmessage-length=0 -fdiagnostics-show-note-include-stack -fmacro-backtrace-limit=0 -Wno-trigraphs -fpascal-strings -O0 -Wno-missing-field-initializers -Wno-missing-prototypes -Wno-return-type -Wno-missing-braces -Wparentheses -Wswitch -Wno-unused-function -Wno-unused-label -Wno-unused-parameter -Wno-unused-variable -Wunused-value -Wno-empty-body -Wno-uninitialized -Wno-unknown-pragmas -Wno-shadow -Wno-four-char-constants -Wno-conversion -Wno-constant-conversion -Wno-int-conversion -Wno-bool-conversion -Wno-enum-conversion -Wno-float-conversion -Wno-non-literal-null-conversion -Wno-objc-literal-conversion -Wno-shorten-64-to-32 -Wpointer-sign -Wno-newline-eof -DCMAKE_INTDIR=\"Debug\" -isysroot /Applications/Xcode.app/Contents/Developer/Platforms/MacOSX.platform/Developer/SDKs/MacOSX10.14.sdk -fasm-blocks -fstrict-aliasing -Wdeprecated-declarations -mmacosx-version-min=10.14 -g -Wno-sign-conversion -Wno-infinite-recursion -Wno-comma -Wno-block-capture-autoreleasing -Wno-strict-prototypes -Wno-semicolon-before-method-body -I/Users/polina/Desktop/Practice/LAB_4/LAB_4/CMakeFiles/CMakeTmp/Debug/include -I/Users/polina/Desktop/Practice/LAB_4/LAB_4/CMakeFiles/CMakeTmp/CMAKE_TRY_COMPILE.build/Debug/cmTC_e4d20.build/DerivedSources-normal/x86_64 -I/Users/polina/Desktop/Practice/LAB_4/LAB_4/CMakeFiles/CMakeTmp/CMAKE_TRY_COMPILE.build/Debug/cmTC_e4d20.build/DerivedSources/x86_64 -I/Users/polina/Desktop/Practice/LAB_4/LAB_4/CMakeFiles/CMakeTmp/CMAKE_TRY_COMPILE.build/Debug/cmTC_e4d20.build/DerivedSources -Wmost -Wno-four-char-constants -Wno-unknown-pragmas -F/Users/polina/Desktop/Practice/LAB_4/LAB_4/CMakeFiles/CMakeTmp/Debug -v -Wl,-v -MMD -MT dependencies -MF /Users/polina/Desktop/Practice/LAB_4/LAB_4/CMakeFiles/CMakeTmp/CMAKE_TRY_COMPILE.build/Debug/cmTC_e4d20.build/Objects-normal/x86_64/CMakeCCompilerABI.d --serialize-diagnostics /Users/polina/Desktop/Practice/LAB_4/LAB_4/CMakeFiles/CMakeTmp/CMAKE_TRY_COMPILE.build/Debug/cmTC_e4d20.build/Objects-normal/x86_64/CMakeCCompilerABI.dia -c /Applications/CMake.app/Contents/share/cmake-3.15/Modules/CMakeCCompilerABI.c -o /Users/polina/Desktop/Practice/LAB_4/LAB_4/CMakeFiles/CMakeTmp/CMAKE_TRY_COMPILE.build/Debug/cmTC_e4d20.build/Objects-normal/x86_64/CMakeCCompilerABI.o]
  ignore line: [Apple LLVM version 10.0.1 (clang-1001.0.46.4)]
  ignore line: [Target: x86_64-apple-darwin18.6.0]
  ignore line: [Thread model: posix]
  ignore line: [InstalledDir: /Applications/Xcode.app/Contents/Developer/Toolchains/XcodeDefault.xctoolchain/usr/bin]
  ignore line: [clang: warning: -Wl,-v: 'linker' input unused [-Wunused-command-line-argument]]
  ignore line: [ "/Applications/Xcode.app/Contents/Developer/Toolchains/XcodeDefault.xctoolchain/usr/bin/clang" -cc1 -triple x86_64-apple-macosx10.14.0 -Wdeprecated-objc-isa-usage -Werror=deprecated-objc-isa-usage -emit-obj -mrelax-all -disable-free -disable-llvm-verifier -discard-value-names -main-file-name CMakeCCompilerABI.c -mrelocation-model pic -pic-level 2 -mthread-model posix -mdisable-fp-elim -fno-strict-return -masm-verbose -munwind-tables -target-sdk-version=10.14 -target-cpu penryn -dwarf-column-info -debug-info-kind=standalone -dwarf-version=4 -debugger-tuning=lldb -target-linker-version 450.3 -v -coverage-notes-file /Users/polina/Desktop/Practice/LAB_4/LAB_4/CMakeFiles/CMakeTmp/CMAKE_TRY_COMPILE.build/Debug/cmTC_e4d20.build/Objects-normal/x86_64/CMakeCCompilerABI.gcno -resource-dir /Applications/Xcode.app/Contents/Developer/Toolchains/XcodeDefault.xctoolchain/usr/lib/clang/10.0.1 -dependency-file /Users/polina/Desktop/Practice/LAB_4/LAB_4/CMakeFiles/CMakeTmp/CMAKE_TRY_COMPILE.build/Debug/cmTC_e4d20.build/Objects-normal/x86_64/CMakeCCompilerABI.d -skip-unused-modulemap-deps -MT dependencies -isysroot /Applications/Xcode.app/Contents/Developer/Platforms/MacOSX.platform/Developer/SDKs/MacOSX10.14.sdk -D "CMAKE_INTDIR=\"Debug\"" -I /Users/polina/Desktop/Practice/LAB_4/LAB_4/CMakeFiles/CMakeTmp/Debug/include -I /Users/polina/Desktop/Practice/LAB_4/LAB_4/CMakeFiles/CMakeTmp/CMAKE_TRY_COMPILE.build/Debug/cmTC_e4d20.build/DerivedSources-normal/x86_64 -I /Users/polina/Desktop/Practice/LAB_4/LAB_4/CMakeFiles/CMakeTmp/CMAKE_TRY_COMPILE.build/Debug/cmTC_e4d20.build/DerivedSources/x86_64 -I /Users/polina/Desktop/Practice/LAB_4/LAB_4/CMakeFiles/CMakeTmp/CMAKE_TRY_COMPILE.build/Debug/cmTC_e4d20.build/DerivedSources -F/Users/polina/Desktop/Practice/LAB_4/LAB_4/CMakeFiles/CMakeTmp/Debug -O0 -Wno-trigraphs -Wno-missing-field-initializers -Wno-missing-prototypes -Wno-return-type -Wno-missing-braces -Wparentheses -Wswitch -Wno-unused-function -Wno-unused-label -Wno-unused-parameter -Wno-unused-variable -Wunused-value -Wno-empty-body -Wno-uninitialized -Wno-unknown-pragmas -Wno-shadow -Wno-four-char-constants -Wno-conversion -Wno-constant-conversion -Wno-int-conversion -Wno-bool-conversion -Wno-enum-conversion -Wno-float-conversion -Wno-non-literal-null-conversion -Wno-objc-literal-conversion -Wno-shorten-64-to-32 -Wpointer-sign -Wno-newline-eof -Wdeprecated-declarations -Wno-sign-conversion -Wno-infinite-recursion -Wno-comma -Wno-block-capture-autoreleasing -Wno-strict-prototypes -Wno-semicolon-before-method-body -Wmost -Wno-four-char-constants -Wno-unknown-pragmas -Wno-atomic-implicit-seq-cst -Wno-framework-include-private-from-public -Wno-atimport-in-framework-header -Wno-quoted-include-in-framework-header -fdebug-compilation-dir /Users/polina/Desktop/Practice/LAB_4/LAB_4/CMakeFiles/CMakeTmp -ferror-limit 19 -fmacro-backtrace-limit 0 -fmessage-length 0 -stack-protector 1 -fblocks -fencode-extended-block-signature -fregister-global-dtors-with-atexit -fobjc-runtime=macosx-10.14.0 -fpascal-strings -fmax-type-align=16 -fdiagnostics-show-option -fdiagnostics-show-note-include-stack -fasm-blocks -serialize-diagnostic-file /Users/polina/Desktop/Practice/LAB_4/LAB_4/CMakeFiles/CMakeTmp/CMAKE_TRY_COMPILE.build/Debug/cmTC_e4d20.build/Objects-normal/x86_64/CMakeCCompilerABI.dia -o /Users/polina/Desktop/Practice/LAB_4/LAB_4/CMakeFiles/CMakeTmp/CMAKE_TRY_COMPILE.build/Debug/cmTC_e4d20.build/Objects-normal/x86_64/CMakeCCompilerABI.o -x c /Applications/CMake.app/Contents/share/cmake-3.15/Modules/CMakeCCompilerABI.c]
  ignore line: [clang -cc1 version 10.0.1 (clang-1001.0.46.4) default target x86_64-apple-darwin18.6.0]
  ignore line: [ignoring nonexistent directory "/Users/polina/Desktop/Practice/LAB_4/LAB_4/CMakeFiles/CMakeTmp/Debug/include"]
  ignore line: [ignoring nonexistent directory "/Users/polina/Desktop/Practice/LAB_4/LAB_4/CMakeFiles/CMakeTmp/CMAKE_TRY_COMPILE.build/Debug/cmTC_e4d20.build/DerivedSources-normal/x86_64"]
  ignore line: [ignoring nonexistent directory "/Users/polina/Desktop/Practice/LAB_4/LAB_4/CMakeFiles/CMakeTmp/CMAKE_TRY_COMPILE.build/Debug/cmTC_e4d20.build/DerivedSources/x86_64"]
  ignore line: [ignoring nonexistent directory "/Users/polina/Desktop/Practice/LAB_4/LAB_4/CMakeFiles/CMakeTmp/CMAKE_TRY_COMPILE.build/Debug/cmTC_e4d20.build/DerivedSources"]
  ignore line: [ignoring nonexistent directory "/Users/polina/Desktop/Practice/LAB_4/LAB_4/CMakeFiles/CMakeTmp/Debug"]
  ignore line: [ignoring nonexistent directory "/Applications/Xcode.app/Contents/Developer/Platforms/MacOSX.platform/Developer/SDKs/MacOSX10.14.sdk/usr/local/include"]
  ignore line: [ignoring nonexistent directory "/Applications/Xcode.app/Contents/Developer/Platforms/MacOSX.platform/Developer/SDKs/MacOSX10.14.sdk/Library/Frameworks"]
  ignore line: [#include "..." search starts here:]
  ignore line: [#include <...> search starts here:]
  ignore line: [ /Applications/Xcode.app/Contents/Developer/Toolchains/XcodeDefault.xctoolchain/usr/lib/clang/10.0.1/include]
  ignore line: [ /Applications/Xcode.app/Contents/Developer/Toolchains/XcodeDefault.xctoolchain/usr/include]
  ignore line: [ /Applications/Xcode.app/Contents/Developer/Platforms/MacOSX.platform/Developer/SDKs/MacOSX10.14.sdk/usr/include]
  ignore line: [ /Applications/Xcode.app/Contents/Developer/Platforms/MacOSX.platform/Developer/SDKs/MacOSX10.14.sdk/System/Library/Frameworks (framework directory)]
  ignore line: [End of search list.]
  ignore line: []
  ignore line: [Ld Debug/cmTC_e4d20 normal x86_64]
  ignore line: [    cd /Users/polina/Desktop/Practice/LAB_4/LAB_4/CMakeFiles/CMakeTmp]
  ignore line: [    /Applications/Xcode.app/Contents/Developer/Toolchains/XcodeDefault.xctoolchain/usr/bin/clang -arch x86_64 -isysroot /Applications/Xcode.app/Contents/Developer/Platforms/MacOSX.platform/Developer/SDKs/MacOSX10.14.sdk -L/Users/polina/Desktop/Practice/LAB_4/LAB_4/CMakeFiles/CMakeTmp/Debug -F/Users/polina/Desktop/Practice/LAB_4/LAB_4/CMakeFiles/CMakeTmp/Debug -filelist /Users/polina/Desktop/Practice/LAB_4/LAB_4/CMakeFiles/CMakeTmp/CMAKE_TRY_COMPILE.build/Debug/cmTC_e4d20.build/Objects-normal/x86_64/cmTC_e4d20.LinkFileList -mmacosx-version-min=10.14 -Xlinker -object_path_lto -Xlinker /Users/polina/Desktop/Practice/LAB_4/LAB_4/CMakeFiles/CMakeTmp/CMAKE_TRY_COMPILE.build/Debug/cmTC_e4d20.build/Objects-normal/x86_64/cmTC_e4d20_lto.o -Xlinker -no_deduplicate -v -Wl,-v -Wl,-search_paths_first -Wl,-headerpad_max_install_names -Xlinker -dependency_info -Xlinker /Users/polina/Desktop/Practice/LAB_4/LAB_4/CMakeFiles/CMakeTmp/CMAKE_TRY_COMPILE.build/Debug/cmTC_e4d20.build/Objects-normal/x86_64/cmTC_e4d20_dependency_info.dat -o /Users/polina/Desktop/Practice/LAB_4/LAB_4/CMakeFiles/CMakeTmp/Debug/cmTC_e4d20]
  ignore line: [Apple LLVM version 10.0.1 (clang-1001.0.46.4)]
  ignore line: [Target: x86_64-apple-darwin18.6.0]
  ignore line: [Thread model: posix]
  ignore line: [InstalledDir: /Applications/Xcode.app/Contents/Developer/Toolchains/XcodeDefault.xctoolchain/usr/bin]
  reduced line: [ "/Applications/Xcode.app/Contents/Developer/Toolchains/XcodeDefault.xctoolchain/usr/bin/ld" -demangle -lto_library /Applications/Xcode.app/Contents/Developer/Toolchains/XcodeDefault.xctoolchain/usr/lib/libLTO.dylib -dynamic -arch x86_64 -macosx_version_min 10.14.0 -syslibroot /Applications/Xcode.app/Contents/Developer/Platforms/MacOSX.platform/Developer/SDKs/MacOSX10.14.sdk -o /Users/polina/Desktop/Practice/LAB_4/LAB_4/CMakeFiles/CMakeTmp/Debug/cmTC_e4d20 -L/Users/polina/Desktop/Practice/LAB_4/LAB_4/CMakeFiles/CMakeTmp/Debug -filelist /Users/polina/Desktop/Practice/LAB_4/LAB_4/CMakeFiles/CMakeTmp/CMAKE_TRY_COMPILE.build/Debug/cmTC_e4d20.build/Objects-normal/x86_64/cmTC_e4d20.LinkFileList -object_path_lto /Users/polina/Desktop/Practice/LAB_4/LAB_4/CMakeFiles/CMakeTmp/CMAKE_TRY_COMPILE.build/Debug/cmTC_e4d20.build/Objects-normal/x86_64/cmTC_e4d20_lto.o -no_deduplicate -v -search_paths_first -headerpad_max_install_names -dependency_info /Users/polina/Desktop/Practice/LAB_4/LAB_4/CMakeFiles/CMakeTmp/CMAKE_TRY_COMPILE.build/Debug/cmTC_e4d20.build/Objects-normal/x86_64/cmTC_e4d20_dependency_info.dat -lSystem /Applications/Xcode.app/Contents/Developer/Toolchains/XcodeDefault.xctoolchain/usr/lib/clang/10.0.1/lib/darwin/libclang_rt.osx.a -F/Users/polina/Desktop/Practice/LAB_4/LAB_4/CMakeFiles/CMakeTmp/Debug]
            to: [ "/Applications/Xcode.app/Contents/Developer/Toolchains/XcodeDefault.xctoolchain/usr/bin/ld" -demangle -lto_library /Applications/Xcode.app/Contents/Developer/Toolchains/XcodeDefault.xctoolchain/usr/lib/libLTO.dylib -dynamic -arch x86_64 -macosx_version_min 10.14.0 -syslibroot /Applications/Xcode.app/Contents/Developer/Platforms/MacOSX.platform/Developer/SDKs/MacOSX10.14.sdk -o /Users/polina/Desktop/Practice/LAB_4/LAB_4/CMakeFiles/CMakeTmp/Debug/cmTC_e4d20 -filelist /Users/polina/Desktop/Practice/LAB_4/LAB_4/CMakeFiles/CMakeTmp/CMAKE_TRY_COMPILE.build/Debug/cmTC_e4d20.build/Objects-normal/x86_64/cmTC_e4d20.LinkFileList -object_path_lto /Users/polina/Desktop/Practice/LAB_4/LAB_4/CMakeFiles/CMakeTmp/CMAKE_TRY_COMPILE.build/Debug/cmTC_e4d20.build/Objects-normal/x86_64/cmTC_e4d20_lto.o -no_deduplicate -v -search_paths_first -headerpad_max_install_names -dependency_info /Users/polina/Desktop/Practice/LAB_4/LAB_4/CMakeFiles/CMakeTmp/CMAKE_TRY_COMPILE.build/Debug/cmTC_e4d20.build/Objects-normal/x86_64/cmTC_e4d20_dependency_info.dat -lSystem /Applications/Xcode.app/Contents/Developer/Toolchains/XcodeDefault.xctoolchain/usr/lib/clang/10.0.1/lib/darwin/libclang_rt.osx.a ]
  link line: [ "/Applications/Xcode.app/Contents/Developer/Toolchains/XcodeDefault.xctoolchain/usr/bin/ld" -demangle -lto_library /Applications/Xcode.app/Contents/Developer/Toolchains/XcodeDefault.xctoolchain/usr/lib/libLTO.dylib -dynamic -arch x86_64 -macosx_version_min 10.14.0 -syslibroot /Applications/Xcode.app/Contents/Developer/Platforms/MacOSX.platform/Developer/SDKs/MacOSX10.14.sdk -o /Users/polina/Desktop/Practice/LAB_4/LAB_4/CMakeFiles/CMakeTmp/Debug/cmTC_e4d20 -filelist /Users/polina/Desktop/Practice/LAB_4/LAB_4/CMakeFiles/CMakeTmp/CMAKE_TRY_COMPILE.build/Debug/cmTC_e4d20.build/Objects-normal/x86_64/cmTC_e4d20.LinkFileList -object_path_lto /Users/polina/Desktop/Practice/LAB_4/LAB_4/CMakeFiles/CMakeTmp/CMAKE_TRY_COMPILE.build/Debug/cmTC_e4d20.build/Objects-normal/x86_64/cmTC_e4d20_lto.o -no_deduplicate -v -search_paths_first -headerpad_max_install_names -dependency_info /Users/polina/Desktop/Practice/LAB_4/LAB_4/CMakeFiles/CMakeTmp/CMAKE_TRY_COMPILE.build/Debug/cmTC_e4d20.build/Objects-normal/x86_64/cmTC_e4d20_dependency_info.dat -lSystem /Applications/Xcode.app/Contents/Developer/Toolchains/XcodeDefault.xctoolchain/usr/lib/clang/10.0.1/lib/darwin/libclang_rt.osx.a ]
    arg [/Applications/Xcode.app/Contents/Developer/Toolchains/XcodeDefault.xctoolchain/usr/bin/ld] ==> ignore
    arg [-demangle] ==> ignore
    arg [-lto_library] ==> ignore, skip following value
    arg [/Applications/Xcode.app/Contents/Developer/Toolchains/XcodeDefault.xctoolchain/usr/lib/libLTO.dylib] ==> skip value of -lto_library
    arg [-dynamic] ==> ignore
    arg [-arch] ==> ignore
    arg [x86_64] ==> ignore
    arg [-macosx_version_min] ==> ignore
    arg [10.14.0] ==> ignore
    arg [-syslibroot] ==> ignore
    arg [/Applications/Xcode.app/Contents/Developer/Platforms/MacOSX.platform/Developer/SDKs/MacOSX10.14.sdk] ==> ignore
    arg [-o] ==> ignore
    arg [/Users/polina/Desktop/Practice/LAB_4/LAB_4/CMakeFiles/CMakeTmp/Debug/cmTC_e4d20] ==> ignore
    arg [-filelist] ==> ignore
    arg [/Users/polina/Desktop/Practice/LAB_4/LAB_4/CMakeFiles/CMakeTmp/CMAKE_TRY_COMPILE.build/Debug/cmTC_e4d20.build/Objects-normal/x86_64/cmTC_e4d20.LinkFileList] ==> ignore
    arg [-object_path_lto] ==> ignore
    arg [/Users/polina/Desktop/Practice/LAB_4/LAB_4/CMakeFiles/CMakeTmp/CMAKE_TRY_COMPILE.build/Debug/cmTC_e4d20.build/Objects-normal/x86_64/cmTC_e4d20_lto.o] ==> ignore
    arg [-no_deduplicate] ==> ignore
    arg [-v] ==> ignore
    arg [-search_paths_first] ==> ignore
    arg [-headerpad_max_install_names] ==> ignore
    arg [-dependency_info] ==> ignore
    arg [/Users/polina/Desktop/Practice/LAB_4/LAB_4/CMakeFiles/CMakeTmp/CMAKE_TRY_COMPILE.build/Debug/cmTC_e4d20.build/Objects-normal/x86_64/cmTC_e4d20_dependency_info.dat] ==> ignore
    arg [-lSystem] ==> lib [System]
    arg [/Applications/Xcode.app/Contents/Developer/Toolchains/XcodeDefault.xctoolchain/usr/lib/clang/10.0.1/lib/darwin/libclang_rt.osx.a] ==> lib [/Applications/Xcode.app/Contents/Developer/Toolchains/XcodeDefault.xctoolchain/usr/lib/clang/10.0.1/lib/darwin/libclang_rt.osx.a]
  Library search paths: [;/Users/polina/Desktop/Practice/LAB_4/LAB_4/CMakeFiles/CMakeTmp/Debug;/Applications/Xcode.app/Contents/Developer/Platforms/MacOSX.platform/Developer/SDKs/MacOSX10.14.sdk/usr/lib]
  Framework search paths: [;/Users/polina/Desktop/Practice/LAB_4/LAB_4/CMakeFiles/CMakeTmp/Debug;/Applications/Xcode.app/Contents/Developer/Platforms/MacOSX.platform/Developer/SDKs/MacOSX10.14.sdk/System/Library/Frameworks/]
  remove lib [System]
  remove lib [/Applications/Xcode.app/Contents/Developer/Toolchains/XcodeDefault.xctoolchain/usr/lib/clang/10.0.1/lib/darwin/libclang_rt.osx.a]
  collapse library dir [/Users/polina/Desktop/Practice/LAB_4/LAB_4/CMakeFiles/CMakeTmp/Debug] ==> [/Users/polina/Desktop/Practice/LAB_4/LAB_4/CMakeFiles/CMakeTmp/Debug], skipping non-system directory
  collapse library dir [/Applications/Xcode.app/Contents/Developer/Platforms/MacOSX.platform/Developer/SDKs/MacOSX10.14.sdk/usr/lib] ==> [/Applications/Xcode.app/Contents/Developer/Platforms/MacOSX.platform/Developer/SDKs/MacOSX10.14.sdk/usr/lib]
  collapse framework dir [/Users/polina/Desktop/Practice/LAB_4/LAB_4/CMakeFiles/CMakeTmp/Debug] ==> [/Users/polina/Desktop/Practice/LAB_4/LAB_4/CMakeFiles/CMakeTmp/Debug], skipping non-system directory
  collapse framework dir [/Applications/Xcode.app/Contents/Developer/Platforms/MacOSX.platform/Developer/SDKs/MacOSX10.14.sdk/System/Library/Frameworks/] ==> [/Applications/Xcode.app/Contents/Developer/Platforms/MacOSX.platform/Developer/SDKs/MacOSX10.14.sdk/System/Library/Frameworks]
  implicit libs: []
  implicit dirs: [/Applications/Xcode.app/Contents/Developer/Platforms/MacOSX.platform/Developer/SDKs/MacOSX10.14.sdk/usr/lib]
  implicit fwks: [/Applications/Xcode.app/Contents/Developer/Platforms/MacOSX.platform/Developer/SDKs/MacOSX10.14.sdk/System/Library/Frameworks]


Determining if the CXX compiler works passed with the following output:
Change Dir: /Users/polina/Desktop/Practice/LAB_4/LAB_4/CMakeFiles/CMakeTmp

Run Build Command(s):/usr/bin/xcodebuild -project CMAKE_TRY_COMPILE.xcodeproj build -target cmTC_43ef0 -configuration Debug -hideShellScriptEnvironment && User defaults from command line:
    HideShellScriptEnvironment = YES

Prepare build
note: Using legacy build system

=== BUILD TARGET cmTC_43ef0 OF PROJECT CMAKE_TRY_COMPILE WITH CONFIGURATION Debug ===

Check dependencies

Write auxiliary files
/bin/mkdir -p /Users/polina/Desktop/Practice/LAB_4/LAB_4/CMakeFiles/CMakeTmp/CMAKE_TRY_COMPILE.build/Debug/cmTC_43ef0.build/Objects-normal/x86_64
write-file /Users/polina/Desktop/Practice/LAB_4/LAB_4/CMakeFiles/CMakeTmp/CMAKE_TRY_COMPILE.build/Debug/cmTC_43ef0.build/Objects-normal/x86_64/cmTC_43ef0.LinkFileList

CompileC CMAKE_TRY_COMPILE.build/Debug/cmTC_43ef0.build/Objects-normal/x86_64/testCXXCompiler.o testCXXCompiler.cxx normal x86_64 c++ com.apple.compilers.llvm.clang.1_0.compiler
    cd /Users/polina/Desktop/Practice/LAB_4/LAB_4/CMakeFiles/CMakeTmp
    /Applications/Xcode.app/Contents/Developer/Toolchains/XcodeDefault.xctoolchain/usr/bin/clang -x c++ -arch x86_64 -fmessage-length=0 -fdiagnostics-show-note-include-stack -fmacro-backtrace-limit=0 -Wno-trigraphs -fpascal-strings -O0 -Wno-missing-field-initializers -Wno-missing-prototypes -Wno-return-type -Wno-non-virtual-dtor -Wno-overloaded-virtual -Wno-exit-time-destructors -Wno-missing-braces -Wparentheses -Wswitch -Wno-unused-function -Wno-unused-label -Wno-unused-parameter -Wno-unused-variable -Wunused-value -Wno-empty-body -Wno-uninitialized -Wno-unknown-pragmas -Wno-shadow -Wno-four-char-constants -Wno-conversion -Wno-constant-conversion -Wno-int-conversion -Wno-bool-conversion -Wno-enum-conversion -Wno-float-conversion -Wno-non-literal-null-conversion -Wno-objc-literal-conversion -Wno-shorten-64-to-32 -Wno-newline-eof -Wno-c++11-extensions -DCMAKE_INTDIR=\"Debug\" -isysroot /Applications/Xcode.app/Contents/Developer/Platforms/MacOSX.platform/Developer/SDKs/MacOSX10.14.sdk -fasm-blocks -fstrict-aliasing -Wdeprecated-declarations -Winvalid-offsetof -mmacosx-version-min=10.14 -g -Wno-sign-conversion -Wno-infinite-recursion -Wno-move -Wno-comma -Wno-block-capture-autoreleasing -Wno-strict-prototypes -Wno-range-loop-analysis -Wno-semicolon-before-method-body -I/Users/polina/Desktop/Practice/LAB_4/LAB_4/CMakeFiles/CMakeTmp/Debug/include -I/Users/polina/Desktop/Practice/LAB_4/LAB_4/CMakeFiles/CMakeTmp/CMAKE_TRY_COMPILE.build/Debug/cmTC_43ef0.build/DerivedSources-normal/x86_64 -I/Users/polina/Desktop/Practice/LAB_4/LAB_4/CMakeFiles/CMakeTmp/CMAKE_TRY_COMPILE.build/Debug/cmTC_43ef0.build/DerivedSources/x86_64 -I/Users/polina/Desktop/Practice/LAB_4/LAB_4/CMakeFiles/CMakeTmp/CMAKE_TRY_COMPILE.build/Debug/cmTC_43ef0.build/DerivedSources -Wmost -Wno-four-char-constants -Wno-unknown-pragmas -F/Users/polina/Desktop/Practice/LAB_4/LAB_4/CMakeFiles/CMakeTmp/Debug -MMD -MT dependencies -MF /Users/polina/Desktop/Practice/LAB_4/LAB_4/CMakeFiles/CMakeTmp/CMAKE_TRY_COMPILE.build/Debug/cmTC_43ef0.build/Objects-normal/x86_64/testCXXCompiler.d --serialize-diagnostics /Users/polina/Desktop/Practice/LAB_4/LAB_4/CMakeFiles/CMakeTmp/CMAKE_TRY_COMPILE.build/Debug/cmTC_43ef0.build/Objects-normal/x86_64/testCXXCompiler.dia -c /Users/polina/Desktop/Practice/LAB_4/LAB_4/CMakeFiles/CMakeTmp/testCXXCompiler.cxx -o /Users/polina/Desktop/Practice/LAB_4/LAB_4/CMakeFiles/CMakeTmp/CMAKE_TRY_COMPILE.build/Debug/cmTC_43ef0.build/Objects-normal/x86_64/testCXXCompiler.o

Ld Debug/cmTC_43ef0 normal x86_64
    cd /Users/polina/Desktop/Practice/LAB_4/LAB_4/CMakeFiles/CMakeTmp
    /Applications/Xcode.app/Contents/Developer/Toolchains/XcodeDefault.xctoolchain/usr/bin/clang++ -arch x86_64 -isysroot /Applications/Xcode.app/Contents/Developer/Platforms/MacOSX.platform/Developer/SDKs/MacOSX10.14.sdk -L/Users/polina/Desktop/Practice/LAB_4/LAB_4/CMakeFiles/CMakeTmp/Debug -F/Users/polina/Desktop/Practice/LAB_4/LAB_4/CMakeFiles/CMakeTmp/Debug -filelist /Users/polina/Desktop/Practice/LAB_4/LAB_4/CMakeFiles/CMakeTmp/CMAKE_TRY_COMPILE.build/Debug/cmTC_43ef0.build/Objects-normal/x86_64/cmTC_43ef0.LinkFileList -mmacosx-version-min=10.14 -Xlinker -object_path_lto -Xlinker /Users/polina/Desktop/Practice/LAB_4/LAB_4/CMakeFiles/CMakeTmp/CMAKE_TRY_COMPILE.build/Debug/cmTC_43ef0.build/Objects-normal/x86_64/cmTC_43ef0_lto.o -Xlinker -no_deduplicate -Wl,-search_paths_first -Wl,-headerpad_max_install_names -Xlinker -dependency_info -Xlinker /Users/polina/Desktop/Practice/LAB_4/LAB_4/CMakeFiles/CMakeTmp/CMAKE_TRY_COMPILE.build/Debug/cmTC_43ef0.build/Objects-normal/x86_64/cmTC_43ef0_dependency_info.dat -o /Users/polina/Desktop/Practice/LAB_4/LAB_4/CMakeFiles/CMakeTmp/Debug/cmTC_43ef0

** BUILD SUCCEEDED **




Detecting CXX compiler ABI info compiled with the following output:
Change Dir: /Users/polina/Desktop/Practice/LAB_4/LAB_4/CMakeFiles/CMakeTmp

Run Build Command(s):/usr/bin/xcodebuild -project CMAKE_TRY_COMPILE.xcodeproj build -target cmTC_a476a -configuration Debug -hideShellScriptEnvironment && User defaults from command line:
    HideShellScriptEnvironment = YES

Prepare build
note: Using legacy build system

=== BUILD TARGET cmTC_a476a OF PROJECT CMAKE_TRY_COMPILE WITH CONFIGURATION Debug ===

Check dependencies

Write auxiliary files
/bin/mkdir -p /Users/polina/Desktop/Practice/LAB_4/LAB_4/CMakeFiles/CMakeTmp/CMAKE_TRY_COMPILE.build/Debug/cmTC_a476a.build/Objects-normal/x86_64
write-file /Users/polina/Desktop/Practice/LAB_4/LAB_4/CMakeFiles/CMakeTmp/CMAKE_TRY_COMPILE.build/Debug/cmTC_a476a.build/Objects-normal/x86_64/cmTC_a476a.LinkFileList

CompileC CMAKE_TRY_COMPILE.build/Debug/cmTC_a476a.build/Objects-normal/x86_64/CMakeCXXCompilerABI.o /Applications/CMake.app/Contents/share/cmake-3.15/Modules/CMakeCXXCompilerABI.cpp normal x86_64 c++ com.apple.compilers.llvm.clang.1_0.compiler
    cd /Users/polina/Desktop/Practice/LAB_4/LAB_4/CMakeFiles/CMakeTmp
    /Applications/Xcode.app/Contents/Developer/Toolchains/XcodeDefault.xctoolchain/usr/bin/clang -x c++ -arch x86_64 -fmessage-length=0 -fdiagnostics-show-note-include-stack -fmacro-backtrace-limit=0 -Wno-trigraphs -fpascal-strings -O0 -Wno-missing-field-initializers -Wno-missing-prototypes -Wno-return-type -Wno-non-virtual-dtor -Wno-overloaded-virtual -Wno-exit-time-destructors -Wno-missing-braces -Wparentheses -Wswitch -Wno-unused-function -Wno-unused-label -Wno-unused-parameter -Wno-unused-variable -Wunused-value -Wno-empty-body -Wno-uninitialized -Wno-unknown-pragmas -Wno-shadow -Wno-four-char-constants -Wno-conversion -Wno-constant-conversion -Wno-int-conversion -Wno-bool-conversion -Wno-enum-conversion -Wno-float-conversion -Wno-non-literal-null-conversion -Wno-objc-literal-conversion -Wno-shorten-64-to-32 -Wno-newline-eof -Wno-c++11-extensions -DCMAKE_INTDIR=\"Debug\" -isysroot /Applications/Xcode.app/Contents/Developer/Platforms/MacOSX.platform/Developer/SDKs/MacOSX10.14.sdk -fasm-blocks -fstrict-aliasing -Wdeprecated-declarations -Winvalid-offsetof -mmacosx-version-min=10.14 -g -Wno-sign-conversion -Wno-infinite-recursion -Wno-move -Wno-comma -Wno-block-capture-autoreleasing -Wno-strict-prototypes -Wno-range-loop-analysis -Wno-semicolon-before-method-body -I/Users/polina/Desktop/Practice/LAB_4/LAB_4/CMakeFiles/CMakeTmp/Debug/include -I/Users/polina/Desktop/Practice/LAB_4/LAB_4/CMakeFiles/CMakeTmp/CMAKE_TRY_COMPILE.build/Debug/cmTC_a476a.build/DerivedSources-normal/x86_64 -I/Users/polina/Desktop/Practice/LAB_4/LAB_4/CMakeFiles/CMakeTmp/CMAKE_TRY_COMPILE.build/Debug/cmTC_a476a.build/DerivedSources/x86_64 -I/Users/polina/Desktop/Practice/LAB_4/LAB_4/CMakeFiles/CMakeTmp/CMAKE_TRY_COMPILE.build/Debug/cmTC_a476a.build/DerivedSources -Wmost -Wno-four-char-constants -Wno-unknown-pragmas -F/Users/polina/Desktop/Practice/LAB_4/LAB_4/CMakeFiles/CMakeTmp/Debug -v -Wl,-v -MMD -MT dependencies -MF /Users/polina/Desktop/Practice/LAB_4/LAB_4/CMakeFiles/CMakeTmp/CMAKE_TRY_COMPILE.build/Debug/cmTC_a476a.build/Objects-normal/x86_64/CMakeCXXCompilerABI.d --serialize-diagnostics /Users/polina/Desktop/Practice/LAB_4/LAB_4/CMakeFiles/CMakeTmp/CMAKE_TRY_COMPILE.build/Debug/cmTC_a476a.build/Objects-normal/x86_64/CMakeCXXCompilerABI.dia -c /Applications/CMake.app/Contents/share/cmake-3.15/Modules/CMakeCXXCompilerABI.cpp -o /Users/polina/Desktop/Practice/LAB_4/LAB_4/CMakeFiles/CMakeTmp/CMAKE_TRY_COMPILE.build/Debug/cmTC_a476a.build/Objects-normal/x86_64/CMakeCXXCompilerABI.o
Apple LLVM version 10.0.1 (clang-1001.0.46.4)
Target: x86_64-apple-darwin18.6.0
Thread model: posix
InstalledDir: /Applications/Xcode.app/Contents/Developer/Toolchains/XcodeDefault.xctoolchain/usr/bin
clang: warning: -Wl,-v: 'linker' input unused [-Wunused-command-line-argument]
 "/Applications/Xcode.app/Contents/Developer/Toolchains/XcodeDefault.xctoolchain/usr/bin/clang" -cc1 -triple x86_64-apple-macosx10.14.0 -Wdeprecated-objc-isa-usage -Werror=deprecated-objc-isa-usage -emit-obj -mrelax-all -disable-free -disable-llvm-verifier -discard-value-names -main-file-name CMakeCXXCompilerABI.cpp -mrelocation-model pic -pic-level 2 -mthread-model posix -mdisable-fp-elim -fno-strict-return -masm-verbose -munwind-tables -target-sdk-version=10.14 -target-cpu penryn -dwarf-column-info -debug-info-kind=standalone -dwarf-version=4 -debugger-tuning=lldb -target-linker-version 450.3 -v -coverage-notes-file /Users/polina/Desktop/Practice/LAB_4/LAB_4/CMakeFiles/CMakeTmp/CMAKE_TRY_COMPILE.build/Debug/cmTC_a476a.build/Objects-normal/x86_64/CMakeCXXCompilerABI.gcno -resource-dir /Applications/Xcode.app/Contents/Developer/Toolchains/XcodeDefault.xctoolchain/usr/lib/clang/10.0.1 -dependency-file /Users/polina/Desktop/Practice/LAB_4/LAB_4/CMakeFiles/CMakeTmp/CMAKE_TRY_COMPILE.build/Debug/cmTC_a476a.build/Objects-normal/x86_64/CMakeCXXCompilerABI.d -skip-unused-modulemap-deps -MT dependencies -isysroot /Applications/Xcode.app/Contents/Developer/Platforms/MacOSX.platform/Developer/SDKs/MacOSX10.14.sdk -D "CMAKE_INTDIR=\"Debug\"" -I /Users/polina/Desktop/Practice/LAB_4/LAB_4/CMakeFiles/CMakeTmp/Debug/include -I /Users/polina/Desktop/Practice/LAB_4/LAB_4/CMakeFiles/CMakeTmp/CMAKE_TRY_COMPILE.build/Debug/cmTC_a476a.build/DerivedSources-normal/x86_64 -I /Users/polina/Desktop/Practice/LAB_4/LAB_4/CMakeFiles/CMakeTmp/CMAKE_TRY_COMPILE.build/Debug/cmTC_a476a.build/DerivedSources/x86_64 -I /Users/polina/Desktop/Practice/LAB_4/LAB_4/CMakeFiles/CMakeTmp/CMAKE_TRY_COMPILE.build/Debug/cmTC_a476a.build/DerivedSources -F/Users/polina/Desktop/Practice/LAB_4/LAB_4/CMakeFiles/CMakeTmp/Debug -stdlib=libc++ -O0 -Wno-trigraphs -Wno-missing-field-initializers -Wno-missing-prototypes -Wno-return-type -Wno-non-virtual-dtor -Wno-overloaded-virtual -Wno-exit-time-destructors -Wno-missing-braces -Wparentheses -Wswitch -Wno-unused-function -Wno-unused-label -Wno-unused-parameter -Wno-unused-variable -Wunused-value -Wno-empty-body -Wno-uninitialized -Wno-unknown-pragmas -Wno-shadow -Wno-four-char-constants -Wno-conversion -Wno-constant-conversion -Wno-int-conversion -Wno-bool-conversion -Wno-enum-conversion -Wno-float-conversion -Wno-non-literal-null-conversion -Wno-objc-literal-conversion -Wno-shorten-64-to-32 -Wno-newline-eof -Wno-c++11-extensions -Wdeprecated-declarations -Winvalid-offsetof -Wno-sign-conversion -Wno-infinite-recursion -Wno-move -Wno-comma -Wno-block-capture-autoreleasing -Wno-strict-prototypes -Wno-range-loop-analysis -Wno-semicolon-before-method-body -Wmost -Wno-four-char-constants -Wno-unknown-pragmas -Wno-atomic-implicit-seq-cst -Wno-framework-include-private-from-public -Wno-atimport-in-framework-header -Wno-quoted-include-in-framework-header -fdeprecated-macro -fdebug-compilation-dir /Users/polina/Desktop/Practice/LAB_4/LAB_4/CMakeFiles/CMakeTmp -ferror-limit 19 -fmacro-backtrace-limit 0 -fmessage-length 0 -stack-protector 1 -fblocks -fencode-extended-block-signature -fregister-global-dtors-with-atexit -fobjc-runtime=macosx-10.14.0 -fcxx-exceptions -fexceptions -fpascal-strings -fmax-type-align=16 -fdiagnostics-show-option -fdiagnostics-show-note-include-stack -fasm-blocks -serialize-diagnostic-file /Users/polina/Desktop/Practice/LAB_4/LAB_4/CMakeFiles/CMakeTmp/CMAKE_TRY_COMPILE.build/Debug/cmTC_a476a.build/Objects-normal/x86_64/CMakeCXXCompilerABI.dia -o /Users/polina/Desktop/Practice/LAB_4/LAB_4/CMakeFiles/CMakeTmp/CMAKE_TRY_COMPILE.build/Debug/cmTC_a476a.build/Objects-normal/x86_64/CMakeCXXCompilerABI.o -x c++ /Applications/CMake.app/Contents/share/cmake-3.15/Modules/CMakeCXXCompilerABI.cpp
clang -cc1 version 10.0.1 (clang-1001.0.46.4) default target x86_64-apple-darwin18.6.0
ignoring nonexistent directory "/Users/polina/Desktop/Practice/LAB_4/LAB_4/CMakeFiles/CMakeTmp/Debug/include"
ignoring nonexistent directory "/Users/polina/Desktop/Practice/LAB_4/LAB_4/CMakeFiles/CMakeTmp/CMAKE_TRY_COMPILE.build/Debug/cmTC_a476a.build/DerivedSources-normal/x86_64"
ignoring nonexistent directory "/Users/polina/Desktop/Practice/LAB_4/LAB_4/CMakeFiles/CMakeTmp/CMAKE_TRY_COMPILE.build/Debug/cmTC_a476a.build/DerivedSources/x86_64"
ignoring nonexistent directory "/Users/polina/Desktop/Practice/LAB_4/LAB_4/CMakeFiles/CMakeTmp/CMAKE_TRY_COMPILE.build/Debug/cmTC_a476a.build/DerivedSources"
ignoring nonexistent directory "/Users/polina/Desktop/Practice/LAB_4/LAB_4/CMakeFiles/CMakeTmp/Debug"
ignoring nonexistent directory "/Applications/Xcode.app/Contents/Developer/Platforms/MacOSX.platform/Developer/SDKs/MacOSX10.14.sdk/usr/include/c++/v1"
ignoring nonexistent directory "/Applications/Xcode.app/Contents/Developer/Platforms/MacOSX.platform/Developer/SDKs/MacOSX10.14.sdk/usr/local/include"
ignoring nonexistent directory "/Applications/Xcode.app/Contents/Developer/Platforms/MacOSX.platform/Developer/SDKs/MacOSX10.14.sdk/Library/Frameworks"
#include "..." search starts here:
#include <...> search starts here:
 /Applications/Xcode.app/Contents/Developer/Toolchains/XcodeDefault.xctoolchain/usr/include/c++/v1
 /Applications/Xcode.app/Contents/Developer/Toolchains/XcodeDefault.xctoolchain/usr/lib/clang/10.0.1/include
 /Applications/Xcode.app/Contents/Developer/Toolchains/XcodeDefault.xctoolchain/usr/include
 /Applications/Xcode.app/Contents/Developer/Platforms/MacOSX.platform/Developer/SDKs/MacOSX10.14.sdk/usr/include
 /Applications/Xcode.app/Contents/Developer/Platforms/MacOSX.platform/Developer/SDKs/MacOSX10.14.sdk/System/Library/Frameworks (framework directory)
End of search list.

Ld Debug/cmTC_a476a normal x86_64
    cd /Users/polina/Desktop/Practice/LAB_4/LAB_4/CMakeFiles/CMakeTmp
    /Applications/Xcode.app/Contents/Developer/Toolchains/XcodeDefault.xctoolchain/usr/bin/clang++ -arch x86_64 -isysroot /Applications/Xcode.app/Contents/Developer/Platforms/MacOSX.platform/Developer/SDKs/MacOSX10.14.sdk -L/Users/polina/Desktop/Practice/LAB_4/LAB_4/CMakeFiles/CMakeTmp/Debug -F/Users/polina/Desktop/Practice/LAB_4/LAB_4/CMakeFiles/CMakeTmp/Debug -filelist /Users/polina/Desktop/Practice/LAB_4/LAB_4/CMakeFiles/CMakeTmp/CMAKE_TRY_COMPILE.build/Debug/cmTC_a476a.build/Objects-normal/x86_64/cmTC_a476a.LinkFileList -mmacosx-version-min=10.14 -Xlinker -object_path_lto -Xlinker /Users/polina/Desktop/Practice/LAB_4/LAB_4/CMakeFiles/CMakeTmp/CMAKE_TRY_COMPILE.build/Debug/cmTC_a476a.build/Objects-normal/x86_64/cmTC_a476a_lto.o -Xlinker -no_deduplicate -v -Wl,-v -Wl,-search_paths_first -Wl,-headerpad_max_install_names -Xlinker -dependency_info -Xlinker /Users/polina/Desktop/Practice/LAB_4/LAB_4/CMakeFiles/CMakeTmp/CMAKE_TRY_COMPILE.build/Debug/cmTC_a476a.build/Objects-normal/x86_64/cmTC_a476a_dependency_info.dat -o /Users/polina/Desktop/Practice/LAB_4/LAB_4/CMakeFiles/CMakeTmp/Debug/cmTC_a476a
Apple LLVM version 10.0.1 (clang-1001.0.46.4)
Target: x86_64-apple-darwin18.6.0
Thread model: posix
InstalledDir: /Applications/Xcode.app/Contents/Developer/Toolchains/XcodeDefault.xctoolchain/usr/bin
 "/Applications/Xcode.app/Contents/Developer/Toolchains/XcodeDefault.xctoolchain/usr/bin/ld" -demangle -lto_library /Applications/Xcode.app/Contents/Developer/Toolchains/XcodeDefault.xctoolchain/usr/lib/libLTO.dylib -dynamic -arch x86_64 -macosx_version_min 10.14.0 -syslibroot /Applications/Xcode.app/Contents/Developer/Platforms/MacOSX.platform/Developer/SDKs/MacOSX10.14.sdk -o /Users/polina/Desktop/Practice/LAB_4/LAB_4/CMakeFiles/CMakeTmp/Debug/cmTC_a476a -L/Users/polina/Desktop/Practice/LAB_4/LAB_4/CMakeFiles/CMakeTmp/Debug -filelist /Users/polina/Desktop/Practice/LAB_4/LAB_4/CMakeFiles/CMakeTmp/CMAKE_TRY_COMPILE.build/Debug/cmTC_a476a.build/Objects-normal/x86_64/cmTC_a476a.LinkFileList -object_path_lto /Users/polina/Desktop/Practice/LAB_4/LAB_4/CMakeFiles/CMakeTmp/CMAKE_TRY_COMPILE.build/Debug/cmTC_a476a.build/Objects-normal/x86_64/cmTC_a476a_lto.o -no_deduplicate -v -search_paths_first -headerpad_max_install_names -dependency_info /Users/polina/Desktop/Practice/LAB_4/LAB_4/CMakeFiles/CMakeTmp/CMAKE_TRY_COMPILE.build/Debug/cmTC_a476a.build/Objects-normal/x86_64/cmTC_a476a_dependency_info.dat -lc++ -lSystem /Applications/Xcode.app/Contents/Developer/Toolchains/XcodeDefault.xctoolchain/usr/lib/clang/10.0.1/lib/darwin/libclang_rt.osx.a -F/Users/polina/Desktop/Practice/LAB_4/LAB_4/CMakeFiles/CMakeTmp/Debug
@(#)PROGRAM:ld  PROJECT:ld64-450.3
BUILD 18:45:16 Apr  4 2019
configured to support archs: armv6 armv7 armv7s arm64 arm64e arm64_32 i386 x86_64 x86_64h armv6m armv7k armv7m armv7em
Library search paths:
	/Users/polina/Desktop/Practice/LAB_4/LAB_4/CMakeFiles/CMakeTmp/Debug
	/Applications/Xcode.app/Contents/Developer/Platforms/MacOSX.platform/Developer/SDKs/MacOSX10.14.sdk/usr/lib
Framework search paths:
	/Users/polina/Desktop/Practice/LAB_4/LAB_4/CMakeFiles/CMakeTmp/Debug
	/Applications/Xcode.app/Contents/Developer/Platforms/MacOSX.platform/Developer/SDKs/MacOSX10.14.sdk/System/Library/Frameworks/

** BUILD SUCCEEDED **




Parsed CXX implicit include dir info from above output: rv=done
  found start of include info
  found start of implicit include info
    add: [/Applications/Xcode.app/Contents/Developer/Toolchains/XcodeDefault.xctoolchain/usr/include/c++/v1]
    add: [/Applications/Xcode.app/Contents/Developer/Toolchains/XcodeDefault.xctoolchain/usr/lib/clang/10.0.1/include]
    add: [/Applications/Xcode.app/Contents/Developer/Toolchains/XcodeDefault.xctoolchain/usr/include]
    add: [/Applications/Xcode.app/Contents/Developer/Platforms/MacOSX.platform/Developer/SDKs/MacOSX10.14.sdk/usr/include]
  end of search list found
  collapse include dir [/Applications/Xcode.app/Contents/Developer/Toolchains/XcodeDefault.xctoolchain/usr/include/c++/v1] ==> [/Applications/Xcode.app/Contents/Developer/Toolchains/XcodeDefault.xctoolchain/usr/include/c++/v1]
  collapse include dir [/Applications/Xcode.app/Contents/Developer/Toolchains/XcodeDefault.xctoolchain/usr/lib/clang/10.0.1/include] ==> [/Applications/Xcode.app/Contents/Developer/Toolchains/XcodeDefault.xctoolchain/usr/lib/clang/10.0.1/include]
  collapse include dir [/Applications/Xcode.app/Contents/Developer/Toolchains/XcodeDefault.xctoolchain/usr/include] ==> [/Applications/Xcode.app/Contents/Developer/Toolchains/XcodeDefault.xctoolchain/usr/include]
  collapse include dir [/Applications/Xcode.app/Contents/Developer/Platforms/MacOSX.platform/Developer/SDKs/MacOSX10.14.sdk/usr/include] ==> [/Applications/Xcode.app/Contents/Developer/Platforms/MacOSX.platform/Developer/SDKs/MacOSX10.14.sdk/usr/include]
  implicit include dirs: [/Applications/Xcode.app/Contents/Developer/Toolchains/XcodeDefault.xctoolchain/usr/include/c++/v1;/Applications/Xcode.app/Contents/Developer/Toolchains/XcodeDefault.xctoolchain/usr/lib/clang/10.0.1/include;/Applications/Xcode.app/Contents/Developer/Toolchains/XcodeDefault.xctoolchain/usr/include;/Applications/Xcode.app/Contents/Developer/Platforms/MacOSX.platform/Developer/SDKs/MacOSX10.14.sdk/usr/include]


Parsed CXX implicit link information from above output:
  link line regex: [^( *|.*[/\])(ld|CMAKE_LINK_STARTFILE-NOTFOUND|([^/\]+-)?ld|collect2)[^/\]*( |$)]
  ignore line: [Change Dir: /Users/polina/Desktop/Practice/LAB_4/LAB_4/CMakeFiles/CMakeTmp]
  ignore line: []
  ignore line: [Run Build Command(s):/usr/bin/xcodebuild -project CMAKE_TRY_COMPILE.xcodeproj build -target cmTC_a476a -configuration Debug -hideShellScriptEnvironment && User defaults from command line:]
  ignore line: [    HideShellScriptEnvironment = YES]
  ignore line: []
  ignore line: [Prepare build]
  ignore line: [note: Using legacy build system]
  ignore line: []
  ignore line: [=== BUILD TARGET cmTC_a476a OF PROJECT CMAKE_TRY_COMPILE WITH CONFIGURATION Debug ===]
  ignore line: []
  ignore line: [Check dependencies]
  ignore line: []
  ignore line: [Write auxiliary files]
  ignore line: [/bin/mkdir -p /Users/polina/Desktop/Practice/LAB_4/LAB_4/CMakeFiles/CMakeTmp/CMAKE_TRY_COMPILE.build/Debug/cmTC_a476a.build/Objects-normal/x86_64]
  ignore line: [write-file /Users/polina/Desktop/Practice/LAB_4/LAB_4/CMakeFiles/CMakeTmp/CMAKE_TRY_COMPILE.build/Debug/cmTC_a476a.build/Objects-normal/x86_64/cmTC_a476a.LinkFileList]
  ignore line: []
  ignore line: [CompileC CMAKE_TRY_COMPILE.build/Debug/cmTC_a476a.build/Objects-normal/x86_64/CMakeCXXCompilerABI.o /Applications/CMake.app/Contents/share/cmake-3.15/Modules/CMakeCXXCompilerABI.cpp normal x86_64 c++ com.apple.compilers.llvm.clang.1_0.compiler]
  ignore line: [    cd /Users/polina/Desktop/Practice/LAB_4/LAB_4/CMakeFiles/CMakeTmp]
  ignore line: [    /Applications/Xcode.app/Contents/Developer/Toolchains/XcodeDefault.xctoolchain/usr/bin/clang -x c++ -arch x86_64 -fmessage-length=0 -fdiagnostics-show-note-include-stack -fmacro-backtrace-limit=0 -Wno-trigraphs -fpascal-strings -O0 -Wno-missing-field-initializers -Wno-missing-prototypes -Wno-return-type -Wno-non-virtual-dtor -Wno-overloaded-virtual -Wno-exit-time-destructors -Wno-missing-braces -Wparentheses -Wswitch -Wno-unused-function -Wno-unused-label -Wno-unused-parameter -Wno-unused-variable -Wunused-value -Wno-empty-body -Wno-uninitialized -Wno-unknown-pragmas -Wno-shadow -Wno-four-char-constants -Wno-conversion -Wno-constant-conversion -Wno-int-conversion -Wno-bool-conversion -Wno-enum-conversion -Wno-float-conversion -Wno-non-literal-null-conversion -Wno-objc-literal-conversion -Wno-shorten-64-to-32 -Wno-newline-eof -Wno-c++11-extensions -DCMAKE_INTDIR=\"Debug\" -isysroot /Applications/Xcode.app/Contents/Developer/Platforms/MacOSX.platform/Developer/SDKs/MacOSX10.14.sdk -fasm-blocks -fstrict-aliasing -Wdeprecated-declarations -Winvalid-offsetof -mmacosx-version-min=10.14 -g -Wno-sign-conversion -Wno-infinite-recursion -Wno-move -Wno-comma -Wno-block-capture-autoreleasing -Wno-strict-prototypes -Wno-range-loop-analysis -Wno-semicolon-before-method-body -I/Users/polina/Desktop/Practice/LAB_4/LAB_4/CMakeFiles/CMakeTmp/Debug/include -I/Users/polina/Desktop/Practice/LAB_4/LAB_4/CMakeFiles/CMakeTmp/CMAKE_TRY_COMPILE.build/Debug/cmTC_a476a.build/DerivedSources-normal/x86_64 -I/Users/polina/Desktop/Practice/LAB_4/LAB_4/CMakeFiles/CMakeTmp/CMAKE_TRY_COMPILE.build/Debug/cmTC_a476a.build/DerivedSources/x86_64 -I/Users/polina/Desktop/Practice/LAB_4/LAB_4/CMakeFiles/CMakeTmp/CMAKE_TRY_COMPILE.build/Debug/cmTC_a476a.build/DerivedSources -Wmost -Wno-four-char-constants -Wno-unknown-pragmas -F/Users/polina/Desktop/Practice/LAB_4/LAB_4/CMakeFiles/CMakeTmp/Debug -v -Wl,-v -MMD -MT dependencies -MF /Users/polina/Desktop/Practice/LAB_4/LAB_4/CMakeFiles/CMakeTmp/CMAKE_TRY_COMPILE.build/Debug/cmTC_a476a.build/Objects-normal/x86_64/CMakeCXXCompilerABI.d --serialize-diagnostics /Users/polina/Desktop/Practice/LAB_4/LAB_4/CMakeFiles/CMakeTmp/CMAKE_TRY_COMPILE.build/Debug/cmTC_a476a.build/Objects-normal/x86_64/CMakeCXXCompilerABI.dia -c /Applications/CMake.app/Contents/share/cmake-3.15/Modules/CMakeCXXCompilerABI.cpp -o /Users/polina/Desktop/Practice/LAB_4/LAB_4/CMakeFiles/CMakeTmp/CMAKE_TRY_COMPILE.build/Debug/cmTC_a476a.build/Objects-normal/x86_64/CMakeCXXCompilerABI.o]
  ignore line: [Apple LLVM version 10.0.1 (clang-1001.0.46.4)]
  ignore line: [Target: x86_64-apple-darwin18.6.0]
  ignore line: [Thread model: posix]
  ignore line: [InstalledDir: /Applications/Xcode.app/Contents/Developer/Toolchains/XcodeDefault.xctoolchain/usr/bin]
  ignore line: [clang: warning: -Wl,-v: 'linker' input unused [-Wunused-command-line-argument]]
  ignore line: [ "/Applications/Xcode.app/Contents/Developer/Toolchains/XcodeDefault.xctoolchain/usr/bin/clang" -cc1 -triple x86_64-apple-macosx10.14.0 -Wdeprecated-objc-isa-usage -Werror=deprecated-objc-isa-usage -emit-obj -mrelax-all -disable-free -disable-llvm-verifier -discard-value-names -main-file-name CMakeCXXCompilerABI.cpp -mrelocation-model pic -pic-level 2 -mthread-model posix -mdisable-fp-elim -fno-strict-return -masm-verbose -munwind-tables -target-sdk-version=10.14 -target-cpu penryn -dwarf-column-info -debug-info-kind=standalone -dwarf-version=4 -debugger-tuning=lldb -target-linker-version 450.3 -v -coverage-notes-file /Users/polina/Desktop/Practice/LAB_4/LAB_4/CMakeFiles/CMakeTmp/CMAKE_TRY_COMPILE.build/Debug/cmTC_a476a.build/Objects-normal/x86_64/CMakeCXXCompilerABI.gcno -resource-dir /Applications/Xcode.app/Contents/Developer/Toolchains/XcodeDefault.xctoolchain/usr/lib/clang/10.0.1 -dependency-file /Users/polina/Desktop/Practice/LAB_4/LAB_4/CMakeFiles/CMakeTmp/CMAKE_TRY_COMPILE.build/Debug/cmTC_a476a.build/Objects-normal/x86_64/CMakeCXXCompilerABI.d -skip-unused-modulemap-deps -MT dependencies -isysroot /Applications/Xcode.app/Contents/Developer/Platforms/MacOSX.platform/Developer/SDKs/MacOSX10.14.sdk -D "CMAKE_INTDIR=\"Debug\"" -I /Users/polina/Desktop/Practice/LAB_4/LAB_4/CMakeFiles/CMakeTmp/Debug/include -I /Users/polina/Desktop/Practice/LAB_4/LAB_4/CMakeFiles/CMakeTmp/CMAKE_TRY_COMPILE.build/Debug/cmTC_a476a.build/DerivedSources-normal/x86_64 -I /Users/polina/Desktop/Practice/LAB_4/LAB_4/CMakeFiles/CMakeTmp/CMAKE_TRY_COMPILE.build/Debug/cmTC_a476a.build/DerivedSources/x86_64 -I /Users/polina/Desktop/Practice/LAB_4/LAB_4/CMakeFiles/CMakeTmp/CMAKE_TRY_COMPILE.build/Debug/cmTC_a476a.build/DerivedSources -F/Users/polina/Desktop/Practice/LAB_4/LAB_4/CMakeFiles/CMakeTmp/Debug -stdlib=libc++ -O0 -Wno-trigraphs -Wno-missing-field-initializers -Wno-missing-prototypes -Wno-return-type -Wno-non-virtual-dtor -Wno-overloaded-virtual -Wno-exit-time-destructors -Wno-missing-braces -Wparentheses -Wswitch -Wno-unused-function -Wno-unused-label -Wno-unused-parameter -Wno-unused-variable -Wunused-value -Wno-empty-body -Wno-uninitialized -Wno-unknown-pragmas -Wno-shadow -Wno-four-char-constants -Wno-conversion -Wno-constant-conversion -Wno-int-conversion -Wno-bool-conversion -Wno-enum-conversion -Wno-float-conversion -Wno-non-literal-null-conversion -Wno-objc-literal-conversion -Wno-shorten-64-to-32 -Wno-newline-eof -Wno-c++11-extensions -Wdeprecated-declarations -Winvalid-offsetof -Wno-sign-conversion -Wno-infinite-recursion -Wno-move -Wno-comma -Wno-block-capture-autoreleasing -Wno-strict-prototypes -Wno-range-loop-analysis -Wno-semicolon-before-method-body -Wmost -Wno-four-char-constants -Wno-unknown-pragmas -Wno-atomic-implicit-seq-cst -Wno-framework-include-private-from-public -Wno-atimport-in-framework-header -Wno-quoted-include-in-framework-header -fdeprecated-macro -fdebug-compilation-dir /Users/polina/Desktop/Practice/LAB_4/LAB_4/CMakeFiles/CMakeTmp -ferror-limit 19 -fmacro-backtrace-limit 0 -fmessage-length 0 -stack-protector 1 -fblocks -fencode-extended-block-signature -fregister-global-dtors-with-atexit -fobjc-runtime=macosx-10.14.0 -fcxx-exceptions -fexceptions -fpascal-strings -fmax-type-align=16 -fdiagnostics-show-option -fdiagnostics-show-note-include-stack -fasm-blocks -serialize-diagnostic-file /Users/polina/Desktop/Practice/LAB_4/LAB_4/CMakeFiles/CMakeTmp/CMAKE_TRY_COMPILE.build/Debug/cmTC_a476a.build/Objects-normal/x86_64/CMakeCXXCompilerABI.dia -o /Users/polina/Desktop/Practice/LAB_4/LAB_4/CMakeFiles/CMakeTmp/CMAKE_TRY_COMPILE.build/Debug/cmTC_a476a.build/Objects-normal/x86_64/CMakeCXXCompilerABI.o -x c++ /Applications/CMake.app/Contents/share/cmake-3.15/Modules/CMakeCXXCompilerABI.cpp]
  ignore line: [clang -cc1 version 10.0.1 (clang-1001.0.46.4) default target x86_64-apple-darwin18.6.0]
  ignore line: [ignoring nonexistent directory "/Users/polina/Desktop/Practice/LAB_4/LAB_4/CMakeFiles/CMakeTmp/Debug/include"]
  ignore line: [ignoring nonexistent directory "/Users/polina/Desktop/Practice/LAB_4/LAB_4/CMakeFiles/CMakeTmp/CMAKE_TRY_COMPILE.build/Debug/cmTC_a476a.build/DerivedSources-normal/x86_64"]
  ignore line: [ignoring nonexistent directory "/Users/polina/Desktop/Practice/LAB_4/LAB_4/CMakeFiles/CMakeTmp/CMAKE_TRY_COMPILE.build/Debug/cmTC_a476a.build/DerivedSources/x86_64"]
  ignore line: [ignoring nonexistent directory "/Users/polina/Desktop/Practice/LAB_4/LAB_4/CMakeFiles/CMakeTmp/CMAKE_TRY_COMPILE.build/Debug/cmTC_a476a.build/DerivedSources"]
  ignore line: [ignoring nonexistent directory "/Users/polina/Desktop/Practice/LAB_4/LAB_4/CMakeFiles/CMakeTmp/Debug"]
  ignore line: [ignoring nonexistent directory "/Applications/Xcode.app/Contents/Developer/Platforms/MacOSX.platform/Developer/SDKs/MacOSX10.14.sdk/usr/include/c++/v1"]
  ignore line: [ignoring nonexistent directory "/Applications/Xcode.app/Contents/Developer/Platforms/MacOSX.platform/Developer/SDKs/MacOSX10.14.sdk/usr/local/include"]
  ignore line: [ignoring nonexistent directory "/Applications/Xcode.app/Contents/Developer/Platforms/MacOSX.platform/Developer/SDKs/MacOSX10.14.sdk/Library/Frameworks"]
  ignore line: [#include "..." search starts here:]
  ignore line: [#include <...> search starts here:]
  ignore line: [ /Applications/Xcode.app/Contents/Developer/Toolchains/XcodeDefault.xctoolchain/usr/include/c++/v1]
  ignore line: [ /Applications/Xcode.app/Contents/Developer/Toolchains/XcodeDefault.xctoolchain/usr/lib/clang/10.0.1/include]
  ignore line: [ /Applications/Xcode.app/Contents/Developer/Toolchains/XcodeDefault.xctoolchain/usr/include]
  ignore line: [ /Applications/Xcode.app/Contents/Developer/Platforms/MacOSX.platform/Developer/SDKs/MacOSX10.14.sdk/usr/include]
  ignore line: [ /Applications/Xcode.app/Contents/Developer/Platforms/MacOSX.platform/Developer/SDKs/MacOSX10.14.sdk/System/Library/Frameworks (framework directory)]
  ignore line: [End of search list.]
  ignore line: []
  ignore line: [Ld Debug/cmTC_a476a normal x86_64]
  ignore line: [    cd /Users/polina/Desktop/Practice/LAB_4/LAB_4/CMakeFiles/CMakeTmp]
  ignore line: [    /Applications/Xcode.app/Contents/Developer/Toolchains/XcodeDefault.xctoolchain/usr/bin/clang++ -arch x86_64 -isysroot /Applications/Xcode.app/Contents/Developer/Platforms/MacOSX.platform/Developer/SDKs/MacOSX10.14.sdk -L/Users/polina/Desktop/Practice/LAB_4/LAB_4/CMakeFiles/CMakeTmp/Debug -F/Users/polina/Desktop/Practice/LAB_4/LAB_4/CMakeFiles/CMakeTmp/Debug -filelist /Users/polina/Desktop/Practice/LAB_4/LAB_4/CMakeFiles/CMakeTmp/CMAKE_TRY_COMPILE.build/Debug/cmTC_a476a.build/Objects-normal/x86_64/cmTC_a476a.LinkFileList -mmacosx-version-min=10.14 -Xlinker -object_path_lto -Xlinker /Users/polina/Desktop/Practice/LAB_4/LAB_4/CMakeFiles/CMakeTmp/CMAKE_TRY_COMPILE.build/Debug/cmTC_a476a.build/Objects-normal/x86_64/cmTC_a476a_lto.o -Xlinker -no_deduplicate -v -Wl,-v -Wl,-search_paths_first -Wl,-headerpad_max_install_names -Xlinker -dependency_info -Xlinker /Users/polina/Desktop/Practice/LAB_4/LAB_4/CMakeFiles/CMakeTmp/CMAKE_TRY_COMPILE.build/Debug/cmTC_a476a.build/Objects-normal/x86_64/cmTC_a476a_dependency_info.dat -o /Users/polina/Desktop/Practice/LAB_4/LAB_4/CMakeFiles/CMakeTmp/Debug/cmTC_a476a]
  ignore line: [Apple LLVM version 10.0.1 (clang-1001.0.46.4)]
  ignore line: [Target: x86_64-apple-darwin18.6.0]
  ignore line: [Thread model: posix]
  ignore line: [InstalledDir: /Applications/Xcode.app/Contents/Developer/Toolchains/XcodeDefault.xctoolchain/usr/bin]
  reduced line: [ "/Applications/Xcode.app/Contents/Developer/Toolchains/XcodeDefault.xctoolchain/usr/bin/ld" -demangle -lto_library /Applications/Xcode.app/Contents/Developer/Toolchains/XcodeDefault.xctoolchain/usr/lib/libLTO.dylib -dynamic -arch x86_64 -macosx_version_min 10.14.0 -syslibroot /Applications/Xcode.app/Contents/Developer/Platforms/MacOSX.platform/Developer/SDKs/MacOSX10.14.sdk -o /Users/polina/Desktop/Practice/LAB_4/LAB_4/CMakeFiles/CMakeTmp/Debug/cmTC_a476a -L/Users/polina/Desktop/Practice/LAB_4/LAB_4/CMakeFiles/CMakeTmp/Debug -filelist /Users/polina/Desktop/Practice/LAB_4/LAB_4/CMakeFiles/CMakeTmp/CMAKE_TRY_COMPILE.build/Debug/cmTC_a476a.build/Objects-normal/x86_64/cmTC_a476a.LinkFileList -object_path_lto /Users/polina/Desktop/Practice/LAB_4/LAB_4/CMakeFiles/CMakeTmp/CMAKE_TRY_COMPILE.build/Debug/cmTC_a476a.build/Objects-normal/x86_64/cmTC_a476a_lto.o -no_deduplicate -v -search_paths_first -headerpad_max_install_names -dependency_info /Users/polina/Desktop/Practice/LAB_4/LAB_4/CMakeFiles/CMakeTmp/CMAKE_TRY_COMPILE.build/Debug/cmTC_a476a.build/Objects-normal/x86_64/cmTC_a476a_dependency_info.dat -lc++ -lSystem /Applications/Xcode.app/Contents/Developer/Toolchains/XcodeDefault.xctoolchain/usr/lib/clang/10.0.1/lib/darwin/libclang_rt.osx.a -F/Users/polina/Desktop/Practice/LAB_4/LAB_4/CMakeFiles/CMakeTmp/Debug]
            to: [ "/Applications/Xcode.app/Contents/Developer/Toolchains/XcodeDefault.xctoolchain/usr/bin/ld" -demangle -lto_library /Applications/Xcode.app/Contents/Developer/Toolchains/XcodeDefault.xctoolchain/usr/lib/libLTO.dylib -dynamic -arch x86_64 -macosx_version_min 10.14.0 -syslibroot /Applications/Xcode.app/Contents/Developer/Platforms/MacOSX.platform/Developer/SDKs/MacOSX10.14.sdk -o /Users/polina/Desktop/Practice/LAB_4/LAB_4/CMakeFiles/CMakeTmp/Debug/cmTC_a476a -filelist /Users/polina/Desktop/Practice/LAB_4/LAB_4/CMakeFiles/CMakeTmp/CMAKE_TRY_COMPILE.build/Debug/cmTC_a476a.build/Objects-normal/x86_64/cmTC_a476a.LinkFileList -object_path_lto /Users/polina/Desktop/Practice/LAB_4/LAB_4/CMakeFiles/CMakeTmp/CMAKE_TRY_COMPILE.build/Debug/cmTC_a476a.build/Objects-normal/x86_64/cmTC_a476a_lto.o -no_deduplicate -v -search_paths_first -headerpad_max_install_names -dependency_info /Users/polina/Desktop/Practice/LAB_4/LAB_4/CMakeFiles/CMakeTmp/CMAKE_TRY_COMPILE.build/Debug/cmTC_a476a.build/Objects-normal/x86_64/cmTC_a476a_dependency_info.dat -lc++ -lSystem /Applications/Xcode.app/Contents/Developer/Toolchains/XcodeDefault.xctoolchain/usr/lib/clang/10.0.1/lib/darwin/libclang_rt.osx.a ]
  link line: [ "/Applications/Xcode.app/Contents/Developer/Toolchains/XcodeDefault.xctoolchain/usr/bin/ld" -demangle -lto_library /Applications/Xcode.app/Contents/Developer/Toolchains/XcodeDefault.xctoolchain/usr/lib/libLTO.dylib -dynamic -arch x86_64 -macosx_version_min 10.14.0 -syslibroot /Applications/Xcode.app/Contents/Developer/Platforms/MacOSX.platform/Developer/SDKs/MacOSX10.14.sdk -o /Users/polina/Desktop/Practice/LAB_4/LAB_4/CMakeFiles/CMakeTmp/Debug/cmTC_a476a -filelist /Users/polina/Desktop/Practice/LAB_4/LAB_4/CMakeFiles/CMakeTmp/CMAKE_TRY_COMPILE.build/Debug/cmTC_a476a.build/Objects-normal/x86_64/cmTC_a476a.LinkFileList -object_path_lto /Users/polina/Desktop/Practice/LAB_4/LAB_4/CMakeFiles/CMakeTmp/CMAKE_TRY_COMPILE.build/Debug/cmTC_a476a.build/Objects-normal/x86_64/cmTC_a476a_lto.o -no_deduplicate -v -search_paths_first -headerpad_max_install_names -dependency_info /Users/polina/Desktop/Practice/LAB_4/LAB_4/CMakeFiles/CMakeTmp/CMAKE_TRY_COMPILE.build/Debug/cmTC_a476a.build/Objects-normal/x86_64/cmTC_a476a_dependency_info.dat -lc++ -lSystem /Applications/Xcode.app/Contents/Developer/Toolchains/XcodeDefault.xctoolchain/usr/lib/clang/10.0.1/lib/darwin/libclang_rt.osx.a ]
    arg [/Applications/Xcode.app/Contents/Developer/Toolchains/XcodeDefault.xctoolchain/usr/bin/ld] ==> ignore
    arg [-demangle] ==> ignore
    arg [-lto_library] ==> ignore, skip following value
    arg [/Applications/Xcode.app/Contents/Developer/Toolchains/XcodeDefault.xctoolchain/usr/lib/libLTO.dylib] ==> skip value of -lto_library
    arg [-dynamic] ==> ignore
    arg [-arch] ==> ignore
    arg [x86_64] ==> ignore
    arg [-macosx_version_min] ==> ignore
    arg [10.14.0] ==> ignore
    arg [-syslibroot] ==> ignore
    arg [/Applications/Xcode.app/Contents/Developer/Platforms/MacOSX.platform/Developer/SDKs/MacOSX10.14.sdk] ==> ignore
    arg [-o] ==> ignore
    arg [/Users/polina/Desktop/Practice/LAB_4/LAB_4/CMakeFiles/CMakeTmp/Debug/cmTC_a476a] ==> ignore
    arg [-filelist] ==> ignore
    arg [/Users/polina/Desktop/Practice/LAB_4/LAB_4/CMakeFiles/CMakeTmp/CMAKE_TRY_COMPILE.build/Debug/cmTC_a476a.build/Objects-normal/x86_64/cmTC_a476a.LinkFileList] ==> ignore
    arg [-object_path_lto] ==> ignore
    arg [/Users/polina/Desktop/Practice/LAB_4/LAB_4/CMakeFiles/CMakeTmp/CMAKE_TRY_COMPILE.build/Debug/cmTC_a476a.build/Objects-normal/x86_64/cmTC_a476a_lto.o] ==> ignore
    arg [-no_deduplicate] ==> ignore
    arg [-v] ==> ignore
    arg [-search_paths_first] ==> ignore
    arg [-headerpad_max_install_names] ==> ignore
    arg [-dependency_info] ==> ignore
    arg [/Users/polina/Desktop/Practice/LAB_4/LAB_4/CMakeFiles/CMakeTmp/CMAKE_TRY_COMPILE.build/Debug/cmTC_a476a.build/Objects-normal/x86_64/cmTC_a476a_dependency_info.dat] ==> ignore
    arg [-lc++] ==> lib [c++]
    arg [-lSystem] ==> lib [System]
    arg [/Applications/Xcode.app/Contents/Developer/Toolchains/XcodeDefault.xctoolchain/usr/lib/clang/10.0.1/lib/darwin/libclang_rt.osx.a] ==> lib [/Applications/Xcode.app/Contents/Developer/Toolchains/XcodeDefault.xctoolchain/usr/lib/clang/10.0.1/lib/darwin/libclang_rt.osx.a]
  Library search paths: [;/Users/polina/Desktop/Practice/LAB_4/LAB_4/CMakeFiles/CMakeTmp/Debug;/Applications/Xcode.app/Contents/Developer/Platforms/MacOSX.platform/Developer/SDKs/MacOSX10.14.sdk/usr/lib]
  Framework search paths: [;/Users/polina/Desktop/Practice/LAB_4/LAB_4/CMakeFiles/CMakeTmp/Debug;/Applications/Xcode.app/Contents/Developer/Platforms/MacOSX.platform/Developer/SDKs/MacOSX10.14.sdk/System/Library/Frameworks/]
  remove lib [System]
  remove lib [/Applications/Xcode.app/Contents/Developer/Toolchains/XcodeDefault.xctoolchain/usr/lib/clang/10.0.1/lib/darwin/libclang_rt.osx.a]
  collapse library dir [/Users/polina/Desktop/Practice/LAB_4/LAB_4/CMakeFiles/CMakeTmp/Debug] ==> [/Users/polina/Desktop/Practice/LAB_4/LAB_4/CMakeFiles/CMakeTmp/Debug], skipping non-system directory
  collapse library dir [/Applications/Xcode.app/Contents/Developer/Platforms/MacOSX.platform/Developer/SDKs/MacOSX10.14.sdk/usr/lib] ==> [/Applications/Xcode.app/Contents/Developer/Platforms/MacOSX.platform/Developer/SDKs/MacOSX10.14.sdk/usr/lib]
  collapse framework dir [/Users/polina/Desktop/Practice/LAB_4/LAB_4/CMakeFiles/CMakeTmp/Debug] ==> [/Users/polina/Desktop/Practice/LAB_4/LAB_4/CMakeFiles/CMakeTmp/Debug], skipping non-system directory
  collapse framework dir [/Applications/Xcode.app/Contents/Developer/Platforms/MacOSX.platform/Developer/SDKs/MacOSX10.14.sdk/System/Library/Frameworks/] ==> [/Applications/Xcode.app/Contents/Developer/Platforms/MacOSX.platform/Developer/SDKs/MacOSX10.14.sdk/System/Library/Frameworks]
  implicit libs: [c++]
  implicit dirs: [/Applications/Xcode.app/Contents/Developer/Platforms/MacOSX.platform/Developer/SDKs/MacOSX10.14.sdk/usr/lib]
  implicit fwks: [/Applications/Xcode.app/Contents/Developer/Platforms/MacOSX.platform/Developer/SDKs/MacOSX10.14.sdk/System/Library/Frameworks]


